  [1m[36m (1.7ms)[0m  [1mCREATE TABLE "schema_migrations" ("version" varchar NOT NULL) [0m
  [1m[35m (0.1ms)[0m  select sqlite_version(*)
  [1m[36m (0.6ms)[0m  [1mCREATE UNIQUE INDEX "unique_schema_migrations" ON "schema_migrations" ("version")[0m
  [1m[35mActiveRecord::SchemaMigration Load (0.1ms)[0m  SELECT "schema_migrations".* FROM "schema_migrations"
Migrating to CreateUsers (20150809190834)
  [1m[36m (0.1ms)[0m  [1mbegin transaction[0m
  [1m[35m (0.3ms)[0m  CREATE TABLE "users" ("id" INTEGER PRIMARY KEY AUTOINCREMENT NOT NULL, "name" varchar, "email" varchar, "created_at" datetime NOT NULL, "updated_at" datetime NOT NULL) 
  [1m[36m (0.1ms)[0m  [1mCREATE  INDEX "index_users_on_email" ON "users" ("email")[0m
  [1m[35mSQL (0.1ms)[0m  INSERT INTO "schema_migrations" ("version") VALUES (?)  [["version", "20150809190834"]]
  [1m[36m (0.6ms)[0m  [1mcommit transaction[0m
Migrating to CreateTasks (20150809211032)
  [1m[35m (0.1ms)[0m  begin transaction
  [1m[36m (0.3ms)[0m  [1mCREATE TABLE "tasks" ("id" INTEGER PRIMARY KEY AUTOINCREMENT NOT NULL, "name" varchar, "due_date" datetime, "completed" boolean DEFAULT 'f', "user_id" integer, "created_at" datetime NOT NULL, "updated_at" datetime NOT NULL) [0m
  [1m[35mSQL (0.1ms)[0m  INSERT INTO "schema_migrations" ("version") VALUES (?)  [["version", "20150809211032"]]
  [1m[36m (0.5ms)[0m  [1mcommit transaction[0m
  [1m[35mActiveRecord::SchemaMigration Load (0.1ms)[0m  SELECT "schema_migrations".* FROM "schema_migrations"
  [1m[36m (0.1ms)[0m  [1m            SELECT sql
            FROM sqlite_master
            WHERE name='index_users_on_email' AND type='index'
            UNION ALL
            SELECT sql
            FROM sqlite_temp_master
            WHERE name='index_users_on_email' AND type='index'
[0m
  [1m[35mActiveRecord::SchemaMigration Load (0.1ms)[0m  SELECT "schema_migrations".* FROM "schema_migrations"
  [1m[36m (0.0ms)[0m  [1mbegin transaction[0m
  [1m[35mUser Exists (0.1ms)[0m  SELECT  1 AS one FROM "users" WHERE LOWER("users"."email") = LOWER('ian@dischord.com') LIMIT 1
  [1m[36mSQL (0.3ms)[0m  [1mINSERT INTO "users" ("name", "email", "created_at", "updated_at") VALUES (?, ?, ?, ?)[0m  [["name", "Ian"], ["email", "ian@dischord.com"], ["created_at", "2016-03-08 11:14:01.118008"], ["updated_at", "2016-03-08 11:14:01.118008"]]
  [1m[35m (0.6ms)[0m  commit transaction
  [1m[36m (0.1ms)[0m  [1mbegin transaction[0m
  [1m[35mUser Exists (0.1ms)[0m  SELECT  1 AS one FROM "users" WHERE LOWER("users"."email") = LOWER('hank@sst.com') LIMIT 1
  [1m[36mSQL (0.2ms)[0m  [1mINSERT INTO "users" ("name", "email", "created_at", "updated_at") VALUES (?, ?, ?, ?)[0m  [["name", "Henry"], ["email", "hank@sst.com"], ["created_at", "2016-03-08 11:14:01.121837"], ["updated_at", "2016-03-08 11:14:01.121837"]]
  [1m[35m (0.5ms)[0m  commit transaction
  [1m[36m (0.0ms)[0m  [1mbegin transaction[0m
  [1m[35mUser Exists (0.1ms)[0m  SELECT  1 AS one FROM "users" WHERE LOWER("users"."email") = LOWER('danzig@plan9.com') LIMIT 1
  [1m[36mSQL (0.2ms)[0m  [1mINSERT INTO "users" ("name", "email", "created_at", "updated_at") VALUES (?, ?, ?, ?)[0m  [["name", "Glenn"], ["email", "danzig@plan9.com"], ["created_at", "2016-03-08 11:14:01.124470"], ["updated_at", "2016-03-08 11:14:01.124470"]]
  [1m[35m (0.5ms)[0m  commit transaction
  [1m[36m (0.0ms)[0m  [1mbegin transaction[0m
  [1m[35mUser Exists (0.1ms)[0m  SELECT  1 AS one FROM "users" WHERE LOWER("users"."email") = LOWER('paul@reachoutinternational.com') LIMIT 1
  [1m[36mSQL (0.2ms)[0m  [1mINSERT INTO "users" ("name", "email", "created_at", "updated_at") VALUES (?, ?, ?, ?)[0m  [["name", "H.R."], ["email", "paul@reachoutinternational.com"], ["created_at", "2016-03-08 11:14:01.127029"], ["updated_at", "2016-03-08 11:14:01.127029"]]
  [1m[35m (0.5ms)[0m  commit transaction
  [1m[36m (0.1ms)[0m  [1mbegin transaction[0m
  [1m[35mSQL (0.3ms)[0m  INSERT INTO "tasks" ("name", "due_date", "user_id", "created_at", "updated_at") VALUES (?, ?, ?, ?, ?)  [["name", "Task 1 for Ian"], ["due_date", "2016-03-08 11:14:01.132025"], ["user_id", 1], ["created_at", "2016-03-08 11:14:01.137979"], ["updated_at", "2016-03-08 11:14:01.137979"]]
  [1m[36m (0.6ms)[0m  [1mcommit transaction[0m
  [1m[35m (0.1ms)[0m  begin transaction
  [1m[36mSQL (0.3ms)[0m  [1mINSERT INTO "tasks" ("name", "due_date", "user_id", "created_at", "updated_at") VALUES (?, ?, ?, ?, ?)[0m  [["name", "Task 2 for Ian"], ["due_date", "2016-03-08 11:14:01.132044"], ["user_id", 1], ["created_at", "2016-03-08 11:14:01.140716"], ["updated_at", "2016-03-08 11:14:01.140716"]]
  [1m[35m (0.5ms)[0m  commit transaction
  [1m[36m (0.1ms)[0m  [1mbegin transaction[0m
  [1m[35mSQL (0.2ms)[0m  INSERT INTO "tasks" ("name", "due_date", "user_id", "created_at", "updated_at") VALUES (?, ?, ?, ?, ?)  [["name", "Task 1 for Henry"], ["due_date", "2016-03-08 11:14:01.132048"], ["user_id", 2], ["created_at", "2016-03-08 11:14:01.143079"], ["updated_at", "2016-03-08 11:14:01.143079"]]
  [1m[36m (0.5ms)[0m  [1mcommit transaction[0m
  [1m[35m (0.1ms)[0m  begin transaction
  [1m[36mSQL (0.2ms)[0m  [1mINSERT INTO "tasks" ("name", "due_date", "user_id", "created_at", "updated_at") VALUES (?, ?, ?, ?, ?)[0m  [["name", "Task 2 for Henry"], ["due_date", "2016-03-08 11:14:01.132053"], ["user_id", 2], ["created_at", "2016-03-08 11:14:01.145806"], ["updated_at", "2016-03-08 11:14:01.145806"]]
  [1m[35m (0.7ms)[0m  commit transaction
  [1m[36m (0.1ms)[0m  [1mbegin transaction[0m
  [1m[35mSQL (0.4ms)[0m  INSERT INTO "tasks" ("name", "due_date", "user_id", "created_at", "updated_at") VALUES (?, ?, ?, ?, ?)  [["name", "Task 1 for Glenn"], ["due_date", "2016-03-08 11:14:01.132055"], ["user_id", 3], ["created_at", "2016-03-08 11:14:01.148698"], ["updated_at", "2016-03-08 11:14:01.148698"]]
  [1m[36m (0.6ms)[0m  [1mcommit transaction[0m
  [1m[35m (0.4ms)[0m  begin transaction
  [1m[36mSQL (0.2ms)[0m  [1mINSERT INTO "tasks" ("name", "due_date", "user_id", "created_at", "updated_at") VALUES (?, ?, ?, ?, ?)[0m  [["name", "Task 2 for Glenn"], ["due_date", "2016-03-08 11:14:01.132059"], ["user_id", 3], ["created_at", "2016-03-08 11:14:01.152687"], ["updated_at", "2016-03-08 11:14:01.152687"]]
  [1m[35m (0.5ms)[0m  commit transaction
  [1m[36m (0.1ms)[0m  [1mbegin transaction[0m
  [1m[35mSQL (0.2ms)[0m  INSERT INTO "tasks" ("name", "due_date", "user_id", "created_at", "updated_at") VALUES (?, ?, ?, ?, ?)  [["name", "Task 1 for H.R."], ["due_date", "2016-03-08 11:14:01.132061"], ["user_id", 4], ["created_at", "2016-03-08 11:14:01.155285"], ["updated_at", "2016-03-08 11:14:01.155285"]]
  [1m[36m (0.6ms)[0m  [1mcommit transaction[0m
  [1m[35m (0.1ms)[0m  begin transaction
  [1m[36mSQL (0.2ms)[0m  [1mINSERT INTO "tasks" ("name", "due_date", "user_id", "created_at", "updated_at") VALUES (?, ?, ?, ?, ?)[0m  [["name", "Task 2 for H.R"], ["due_date", "2016-03-08 11:14:01.132064"], ["user_id", 4], ["created_at", "2016-03-08 11:14:01.158043"], ["updated_at", "2016-03-08 11:14:01.158043"]]
  [1m[35m (0.5ms)[0m  commit transaction
  [1m[36mActiveRecord::SchemaMigration Load (0.1ms)[0m  [1mSELECT "schema_migrations".* FROM "schema_migrations"[0m
Migrating to AddDeviseToUsers (20160308111526)
  [1m[35m (0.1ms)[0m  begin transaction
  [1m[36m (0.5ms)[0m  [1mALTER TABLE "users" ADD "encrypted_password" varchar DEFAULT '' NOT NULL[0m
  [1m[35m (0.2ms)[0m  ALTER TABLE "users" ADD "reset_password_token" varchar
  [1m[36m (0.1ms)[0m  [1mALTER TABLE "users" ADD "reset_password_sent_at" datetime[0m
  [1m[35m (0.1ms)[0m  ALTER TABLE "users" ADD "remember_created_at" datetime
  [1m[36m (0.1ms)[0m  [1mselect sqlite_version(*)[0m
  [1m[35m (0.1ms)[0m              SELECT sql
            FROM sqlite_master
            WHERE name='index_users_on_email' AND type='index'
            UNION ALL
            SELECT sql
            FROM sqlite_temp_master
            WHERE name='index_users_on_email' AND type='index'

  [1m[36m (0.3ms)[0m  [1mCREATE UNIQUE INDEX "index_users_on_reset_password_token" ON "users" ("reset_password_token")[0m
  [1m[35mSQL (0.3ms)[0m  INSERT INTO "schema_migrations" ("version") VALUES (?)  [["version", "20160308111526"]]
  [1m[36m (1.9ms)[0m  [1mcommit transaction[0m
  [1m[35mActiveRecord::SchemaMigration Load (0.1ms)[0m  SELECT "schema_migrations".* FROM "schema_migrations"
  [1m[36m (0.1ms)[0m  [1m            SELECT sql
            FROM sqlite_master
            WHERE name='index_users_on_reset_password_token' AND type='index'
            UNION ALL
            SELECT sql
            FROM sqlite_temp_master
            WHERE name='index_users_on_reset_password_token' AND type='index'
[0m
  [1m[35m (0.1ms)[0m              SELECT sql
            FROM sqlite_master
            WHERE name='index_users_on_email' AND type='index'
            UNION ALL
            SELECT sql
            FROM sqlite_temp_master
            WHERE name='index_users_on_email' AND type='index'



Started GET "/" for ::1 at 2016-03-08 12:27:18 +0100
  [1m[36mActiveRecord::SchemaMigration Load (0.1ms)[0m  [1mSELECT "schema_migrations".* FROM "schema_migrations"[0m
Processing by Rails::WelcomeController#index as HTML
  Rendered /Users/m.figand/.rvm/gems/ruby-2.2.3/gems/railties-4.2.3/lib/rails/templates/rails/welcome/index.html.erb (1.7ms)
Completed 200 OK in 18ms (Views: 8.5ms | ActiveRecord: 0.0ms)


Started GET "/users" for ::1 at 2016-03-08 12:27:20 +0100
Processing by UsersController#index as HTML
  [1m[35mUser Load (0.2ms)[0m  SELECT "users".* FROM "users"
  Rendered users/index.html.erb within layouts/application (8.8ms)
Completed 200 OK in 1448ms (Views: 1446.1ms | ActiveRecord: 0.5ms)


Started GET "/users/singin" for ::1 at 2016-03-08 12:27:27 +0100
Processing by UsersController#show as HTML
  Parameters: {"id"=>"singin"}
  [1m[36mUser Load (0.2ms)[0m  [1mSELECT  "users".* FROM "users" WHERE "users"."id" = ? LIMIT 1[0m  [["id", 0]]
Completed 404 Not Found in 11ms (ActiveRecord: 0.2ms)

ActiveRecord::RecordNotFound (Couldn't find User with 'id'=singin):
  app/controllers/users_controller.rb:10:in `show'


  Rendered /Users/m.figand/.rvm/gems/ruby-2.2.3/gems/actionpack-4.2.3/lib/action_dispatch/middleware/templates/rescues/_source.erb (3.6ms)
  Rendered /Users/m.figand/.rvm/gems/ruby-2.2.3/gems/actionpack-4.2.3/lib/action_dispatch/middleware/templates/rescues/_trace.html.erb (1.9ms)
  Rendered /Users/m.figand/.rvm/gems/ruby-2.2.3/gems/actionpack-4.2.3/lib/action_dispatch/middleware/templates/rescues/_request_and_response.html.erb (0.8ms)
  Rendered /Users/m.figand/.rvm/gems/ruby-2.2.3/gems/actionpack-4.2.3/lib/action_dispatch/middleware/templates/rescues/diagnostics.html.erb within rescues/layout (48.1ms)
  Rendered /Users/m.figand/.rvm/gems/ruby-2.2.3/gems/web-console-2.2.1/lib/web_console/templates/_markup.html.erb (0.5ms)
  Rendered /Users/m.figand/.rvm/gems/ruby-2.2.3/gems/web-console-2.2.1/lib/web_console/templates/_inner_console_markup.html.erb within layouts/inlined_string (0.3ms)
  Rendered /Users/m.figand/.rvm/gems/ruby-2.2.3/gems/web-console-2.2.1/lib/web_console/templates/_prompt_box_markup.html.erb within layouts/inlined_string (0.3ms)
  Rendered /Users/m.figand/.rvm/gems/ruby-2.2.3/gems/web-console-2.2.1/lib/web_console/templates/style.css.erb within layouts/inlined_string (0.6ms)
  Rendered /Users/m.figand/.rvm/gems/ruby-2.2.3/gems/web-console-2.2.1/lib/web_console/templates/console.js.erb within layouts/javascript (45.3ms)
  Rendered /Users/m.figand/.rvm/gems/ruby-2.2.3/gems/web-console-2.2.1/lib/web_console/templates/main.js.erb within layouts/javascript (0.4ms)
  Rendered /Users/m.figand/.rvm/gems/ruby-2.2.3/gems/web-console-2.2.1/lib/web_console/templates/error_page.js.erb within layouts/javascript (0.4ms)
  Rendered /Users/m.figand/.rvm/gems/ruby-2.2.3/gems/web-console-2.2.1/lib/web_console/templates/index.html.erb (103.8ms)


Started GET "/users/sign_in" for ::1 at 2016-03-08 12:27:42 +0100
Processing by Devise::SessionsController#new as HTML
  Rendered /Users/m.figand/.rvm/gems/ruby-2.2.3/gems/devise-3.5.6/app/views/devise/shared/_links.html.erb (30.3ms)
  Rendered /Users/m.figand/.rvm/gems/ruby-2.2.3/gems/devise-3.5.6/app/views/devise/sessions/new.html.erb within layouts/application (56.4ms)
Completed 200 OK in 91ms (Views: 85.9ms | ActiveRecord: 0.0ms)


Started GET "/users/sign_in" for ::1 at 2016-03-08 12:32:17 +0100
Processing by Devise::SessionsController#new as HTML
  Rendered devise/shared/_links.html.erb (0.8ms)
  Rendered devise/sessions/new.html.erb within layouts/application (4.0ms)
Completed 200 OK in 32ms (Views: 30.1ms | ActiveRecord: 0.0ms)


Started GET "/assets/jquery.self-d03a5518f45df77341bdbe6201ba3bfa547ebba8ed64f0ea56bfa5f96ea7c074.js?body=1" for ::1 at 2016-03-08 12:32:17 +0100


Started GET "/assets/api/v1/tasks.self-e3b0c44298fc1c149afbf4c8996fb92427ae41e4649b934ca495991b7852b855.css?body=1" for ::1 at 2016-03-08 12:32:17 +0100


Started GET "/assets/users.self-e3b0c44298fc1c149afbf4c8996fb92427ae41e4649b934ca495991b7852b855.css?body=1" for ::1 at 2016-03-08 12:32:17 +0100


Started GET "/assets/application.self-2a186542d9ae5b372f983963638ad5986631bab276d15dae39f7ad935a58ebd0.css?body=1" for ::1 at 2016-03-08 12:32:17 +0100


Started GET "/assets/turbolinks.self-c37727e9bd6b2735da5c311aa83fead54ed0be6cc8bd9a65309e9c5abe2cbfff.js?body=1" for ::1 at 2016-03-08 12:32:17 +0100


Started GET "/assets/jquery_ujs.self-ca5248a2fad13d6bd58ea121318d642f195f0b2dd818b30615f785ff365e8d1f.js?body=1" for ::1 at 2016-03-08 12:32:17 +0100


Started GET "/assets/api/v1/tasks.self-877aef30ae1b040ab8a3aba4e3e309a11d7f2612f44dde450b5c157aa5f95c05.js?body=1" for ::1 at 2016-03-08 12:32:17 +0100


Started GET "/assets/users.self-877aef30ae1b040ab8a3aba4e3e309a11d7f2612f44dde450b5c157aa5f95c05.js?body=1" for ::1 at 2016-03-08 12:32:17 +0100


Started GET "/assets/application.self-3b8dabdc891efe46b9a144b400ad69e37d7e5876bdc39dee783419a69d7ca819.js?body=1" for ::1 at 2016-03-08 12:32:17 +0100


Started GET "/users/sign_in" for ::1 at 2016-03-08 12:32:19 +0100
Processing by Devise::SessionsController#new as HTML
  Rendered devise/shared/_links.html.erb (0.3ms)
  Rendered devise/sessions/new.html.erb within layouts/application (2.8ms)
Completed 200 OK in 31ms (Views: 29.9ms | ActiveRecord: 0.0ms)


Started GET "/assets/api/v1/tasks.self-e3b0c44298fc1c149afbf4c8996fb92427ae41e4649b934ca495991b7852b855.css?body=1" for ::1 at 2016-03-08 12:32:19 +0100


Started GET "/assets/jquery_ujs.self-ca5248a2fad13d6bd58ea121318d642f195f0b2dd818b30615f785ff365e8d1f.js?body=1" for ::1 at 2016-03-08 12:32:19 +0100


Started GET "/assets/application.self-2a186542d9ae5b372f983963638ad5986631bab276d15dae39f7ad935a58ebd0.css?body=1" for ::1 at 2016-03-08 12:32:19 +0100


Started GET "/assets/users.self-e3b0c44298fc1c149afbf4c8996fb92427ae41e4649b934ca495991b7852b855.css?body=1" for ::1 at 2016-03-08 12:32:19 +0100


Started GET "/assets/jquery.self-d03a5518f45df77341bdbe6201ba3bfa547ebba8ed64f0ea56bfa5f96ea7c074.js?body=1" for ::1 at 2016-03-08 12:32:19 +0100


Started GET "/assets/turbolinks.self-c37727e9bd6b2735da5c311aa83fead54ed0be6cc8bd9a65309e9c5abe2cbfff.js?body=1" for ::1 at 2016-03-08 12:32:19 +0100


Started GET "/assets/api/v1/tasks.self-877aef30ae1b040ab8a3aba4e3e309a11d7f2612f44dde450b5c157aa5f95c05.js?body=1" for ::1 at 2016-03-08 12:32:19 +0100


Started GET "/assets/users.self-877aef30ae1b040ab8a3aba4e3e309a11d7f2612f44dde450b5c157aa5f95c05.js?body=1" for ::1 at 2016-03-08 12:32:19 +0100


Started GET "/assets/application.self-3b8dabdc891efe46b9a144b400ad69e37d7e5876bdc39dee783419a69d7ca819.js?body=1" for ::1 at 2016-03-08 12:32:19 +0100


Started GET "/users/sign_UP" for ::1 at 2016-03-08 12:32:27 +0100
Processing by UsersController#show as HTML
  Parameters: {"id"=>"sign_UP"}
  [1m[35mUser Load (0.1ms)[0m  SELECT  "users".* FROM "users" WHERE "users"."id" = ? LIMIT 1  [["id", 0]]
Completed 404 Not Found in 1ms (ActiveRecord: 0.1ms)

ActiveRecord::RecordNotFound (Couldn't find User with 'id'=sign_UP):
  app/controllers/users_controller.rb:10:in `show'


  Rendered /Users/m.figand/.rvm/gems/ruby-2.2.3/gems/actionpack-4.2.3/lib/action_dispatch/middleware/templates/rescues/_source.erb (3.6ms)
  Rendered /Users/m.figand/.rvm/gems/ruby-2.2.3/gems/actionpack-4.2.3/lib/action_dispatch/middleware/templates/rescues/_trace.html.erb (1.8ms)
  Rendered /Users/m.figand/.rvm/gems/ruby-2.2.3/gems/actionpack-4.2.3/lib/action_dispatch/middleware/templates/rescues/_request_and_response.html.erb (0.9ms)
  Rendered /Users/m.figand/.rvm/gems/ruby-2.2.3/gems/actionpack-4.2.3/lib/action_dispatch/middleware/templates/rescues/diagnostics.html.erb within rescues/layout (42.7ms)
  Rendered /Users/m.figand/.rvm/gems/ruby-2.2.3/gems/web-console-2.2.1/lib/web_console/templates/_markup.html.erb (0.3ms)
  Rendered /Users/m.figand/.rvm/gems/ruby-2.2.3/gems/web-console-2.2.1/lib/web_console/templates/_inner_console_markup.html.erb within layouts/inlined_string (0.2ms)
  Rendered /Users/m.figand/.rvm/gems/ruby-2.2.3/gems/web-console-2.2.1/lib/web_console/templates/_prompt_box_markup.html.erb within layouts/inlined_string (0.3ms)
  Rendered /Users/m.figand/.rvm/gems/ruby-2.2.3/gems/web-console-2.2.1/lib/web_console/templates/style.css.erb within layouts/inlined_string (0.3ms)
  Rendered /Users/m.figand/.rvm/gems/ruby-2.2.3/gems/web-console-2.2.1/lib/web_console/templates/console.js.erb within layouts/javascript (35.1ms)
  Rendered /Users/m.figand/.rvm/gems/ruby-2.2.3/gems/web-console-2.2.1/lib/web_console/templates/main.js.erb within layouts/javascript (0.3ms)
  Rendered /Users/m.figand/.rvm/gems/ruby-2.2.3/gems/web-console-2.2.1/lib/web_console/templates/error_page.js.erb within layouts/javascript (0.4ms)
  Rendered /Users/m.figand/.rvm/gems/ruby-2.2.3/gems/web-console-2.2.1/lib/web_console/templates/index.html.erb (78.2ms)


Started GET "/users/sign_up" for ::1 at 2016-03-08 12:32:38 +0100
Processing by Devise::RegistrationsController#new as HTML
  Rendered devise/shared/_links.html.erb (0.4ms)
  Rendered devise/registrations/new.html.erb within layouts/application (4.0ms)
Completed 200 OK in 43ms (Views: 42.5ms | ActiveRecord: 0.0ms)


Started GET "/users/sign_up" for ::1 at 2016-03-08 12:36:51 +0100
Processing by Devise::RegistrationsController#new as HTML
  Rendered devise/shared/_links.html.erb (0.2ms)
  Rendered devise/registrations/new.html.erb within layouts/application (4.0ms)
Completed 200 OK in 37ms (Views: 36.0ms | ActiveRecord: 0.0ms)


Started GET "/assets/users.self-e3b0c44298fc1c149afbf4c8996fb92427ae41e4649b934ca495991b7852b855.css?body=1" for ::1 at 2016-03-08 12:36:51 +0100


Started GET "/assets/api/v1/tasks.self-e3b0c44298fc1c149afbf4c8996fb92427ae41e4649b934ca495991b7852b855.css?body=1" for ::1 at 2016-03-08 12:36:51 +0100


Started GET "/assets/jquery.self-d03a5518f45df77341bdbe6201ba3bfa547ebba8ed64f0ea56bfa5f96ea7c074.js?body=1" for ::1 at 2016-03-08 12:36:51 +0100


Started GET "/assets/application.self-2a186542d9ae5b372f983963638ad5986631bab276d15dae39f7ad935a58ebd0.css?body=1" for ::1 at 2016-03-08 12:36:51 +0100


Started GET "/assets/jquery_ujs.self-ca5248a2fad13d6bd58ea121318d642f195f0b2dd818b30615f785ff365e8d1f.js?body=1" for ::1 at 2016-03-08 12:36:51 +0100


Started GET "/assets/turbolinks.self-c37727e9bd6b2735da5c311aa83fead54ed0be6cc8bd9a65309e9c5abe2cbfff.js?body=1" for ::1 at 2016-03-08 12:36:51 +0100


Started GET "/assets/api/v1/tasks.self-877aef30ae1b040ab8a3aba4e3e309a11d7f2612f44dde450b5c157aa5f95c05.js?body=1" for ::1 at 2016-03-08 12:36:51 +0100


Started GET "/assets/users.self-877aef30ae1b040ab8a3aba4e3e309a11d7f2612f44dde450b5c157aa5f95c05.js?body=1" for ::1 at 2016-03-08 12:36:51 +0100


Started GET "/assets/application.self-3b8dabdc891efe46b9a144b400ad69e37d7e5876bdc39dee783419a69d7ca819.js?body=1" for ::1 at 2016-03-08 12:36:51 +0100


Started GET "/users/sign_up" for ::1 at 2016-03-08 12:37:08 +0100
Processing by Devise::RegistrationsController#new as HTML
  Rendered devise/shared/_links.html.erb (0.2ms)
  Rendered devise/registrations/new.html.erb within layouts/application (3.6ms)
Completed 200 OK in 31ms (Views: 30.5ms | ActiveRecord: 0.0ms)


Started GET "/assets/jquery.self-d03a5518f45df77341bdbe6201ba3bfa547ebba8ed64f0ea56bfa5f96ea7c074.js?body=1" for ::1 at 2016-03-08 12:37:08 +0100


Started GET "/assets/application.self-2a186542d9ae5b372f983963638ad5986631bab276d15dae39f7ad935a58ebd0.css?body=1" for ::1 at 2016-03-08 12:37:08 +0100


Started GET "/assets/users.self-e3b0c44298fc1c149afbf4c8996fb92427ae41e4649b934ca495991b7852b855.css?body=1" for ::1 at 2016-03-08 12:37:08 +0100


Started GET "/assets/api/v1/tasks.self-e3b0c44298fc1c149afbf4c8996fb92427ae41e4649b934ca495991b7852b855.css?body=1" for ::1 at 2016-03-08 12:37:08 +0100


Started GET "/assets/jquery_ujs.self-ca5248a2fad13d6bd58ea121318d642f195f0b2dd818b30615f785ff365e8d1f.js?body=1" for ::1 at 2016-03-08 12:37:08 +0100


Started GET "/assets/turbolinks.self-c37727e9bd6b2735da5c311aa83fead54ed0be6cc8bd9a65309e9c5abe2cbfff.js?body=1" for ::1 at 2016-03-08 12:37:08 +0100


Started GET "/assets/api/v1/tasks.self-877aef30ae1b040ab8a3aba4e3e309a11d7f2612f44dde450b5c157aa5f95c05.js?body=1" for ::1 at 2016-03-08 12:37:08 +0100


Started GET "/assets/users.self-877aef30ae1b040ab8a3aba4e3e309a11d7f2612f44dde450b5c157aa5f95c05.js?body=1" for ::1 at 2016-03-08 12:37:08 +0100


Started GET "/assets/application.self-3b8dabdc891efe46b9a144b400ad69e37d7e5876bdc39dee783419a69d7ca819.js?body=1" for ::1 at 2016-03-08 12:37:08 +0100


Started POST "/users" for ::1 at 2016-03-08 12:37:27 +0100
Processing by Devise::RegistrationsController#create as HTML
  Parameters: {"utf8"=>"✓", "authenticity_token"=>"bPh+hKASMMecmrcef4Tgp/uYbOchg5KRba4IjjX/43X7U0TnATqY5ys+uRrK17ul5q3jyyrirq03PHBx6v/Egg==", "user"=>{"name"=>"Manu", "email"=>"manu@gmail.com", "password"=>"[FILTERED]", "password_confirmation"=>"[FILTERED]"}, "commit"=>"Sign up"}
Unpermitted parameter: name
  [1m[36m (0.1ms)[0m  [1mbegin transaction[0m
  [1m[35mUser Exists (0.1ms)[0m  SELECT  1 AS one FROM "users" WHERE "users"."email" = 'manu@gmail.com' LIMIT 1
  [1m[36mUser Exists (0.1ms)[0m  [1mSELECT  1 AS one FROM "users" WHERE LOWER("users"."email") = LOWER('manu@gmail.com') LIMIT 1[0m
  [1m[35m (0.1ms)[0m  rollback transaction
  Rendered devise/shared/_links.html.erb (0.2ms)
  Rendered devise/registrations/new.html.erb within layouts/application (3.7ms)
Completed 200 OK in 131ms (Views: 36.4ms | ActiveRecord: 0.4ms)


Started POST "/users" for ::1 at 2016-03-08 12:43:34 +0100
Processing by Devise::RegistrationsController#create as HTML
  Parameters: {"utf8"=>"✓", "authenticity_token"=>"DDAU7jGgVLPln7eYDcdVyzhIYlkEbdFEXSxILrLENUCbmy6NkIj8k1I7uZy4lA7JJX3tdQ8M7XgHvjDRbcQStw==", "user"=>{"name"=>"Manu", "email"=>"manu@gmail.com", "password"=>"[FILTERED]", "password_confirmation"=>"[FILTERED]"}, "commit"=>"Sign up"}
  [1m[36m (0.1ms)[0m  [1mbegin transaction[0m
  [1m[35mUser Exists (0.1ms)[0m  SELECT  1 AS one FROM "users" WHERE "users"."email" = 'manu@gmail.com' LIMIT 1
  [1m[36mUser Exists (0.1ms)[0m  [1mSELECT  1 AS one FROM "users" WHERE LOWER("users"."email") = LOWER('manu@gmail.com') LIMIT 1[0m
  [1m[35mSQL (0.4ms)[0m  INSERT INTO "users" ("email", "encrypted_password", "name", "created_at", "updated_at") VALUES (?, ?, ?, ?, ?)  [["email", "manu@gmail.com"], ["encrypted_password", "$2a$10$bU0XfA8MoFhSVilzzj7uIOzf66SjRHHo/wT7mP1vlKvQmzTo3A72G"], ["name", "Manu"], ["created_at", "2016-03-08 11:43:34.349788"], ["updated_at", "2016-03-08 11:43:34.349788"]]
  [1m[36m (1.5ms)[0m  [1mcommit transaction[0m
Redirected to http://localhost:3000/
Completed 302 Found in 83ms (ActiveRecord: 2.6ms)


Started GET "/" for ::1 at 2016-03-08 12:43:34 +0100
Processing by Rails::WelcomeController#index as HTML
  Rendered /Users/m.figand/.rvm/gems/ruby-2.2.3/gems/railties-4.2.3/lib/rails/templates/rails/welcome/index.html.erb (0.1ms)
Completed 200 OK in 2ms (Views: 1.7ms | ActiveRecord: 0.0ms)


Started GET "/" for ::1 at 2016-03-08 12:43:54 +0100
  [1m[36mActiveRecord::SchemaMigration Load (0.1ms)[0m  [1mSELECT "schema_migrations".* FROM "schema_migrations"[0m
Processing by Rails::WelcomeController#index as HTML
  Rendered /Users/m.figand/.rvm/gems/ruby-2.2.3/gems/railties-4.2.3/lib/rails/templates/rails/welcome/index.html.erb (1.3ms)
Completed 200 OK in 15ms (Views: 6.4ms | ActiveRecord: 0.0ms)


Started GET "/users/sign_in" for ::1 at 2016-03-08 12:44:04 +0100
Processing by Devise::SessionsController#new as HTML
  [1m[35mUser Load (0.2ms)[0m  SELECT  "users".* FROM "users" WHERE "users"."id" = ?  ORDER BY "users"."id" ASC LIMIT 1  [["id", 5]]
Redirected to http://localhost:3000/
Filter chain halted as :require_no_authentication rendered or redirected
Completed 302 Found in 21ms (ActiveRecord: 0.5ms)


Started GET "/" for ::1 at 2016-03-08 12:44:04 +0100
Processing by Rails::WelcomeController#index as HTML
  Rendered /Users/m.figand/.rvm/gems/ruby-2.2.3/gems/railties-4.2.3/lib/rails/templates/rails/welcome/index.html.erb (0.8ms)
Completed 200 OK in 4ms (Views: 2.9ms | ActiveRecord: 0.0ms)


Started GET "/users/sign_in" for ::1 at 2016-03-08 12:44:04 +0100
Processing by Devise::SessionsController#new as HTML
  [1m[36mUser Load (0.1ms)[0m  [1mSELECT  "users".* FROM "users" WHERE "users"."id" = ?  ORDER BY "users"."id" ASC LIMIT 1[0m  [["id", 5]]
Redirected to http://localhost:3000/
Filter chain halted as :require_no_authentication rendered or redirected
Completed 302 Found in 2ms (ActiveRecord: 0.1ms)


Started GET "/" for ::1 at 2016-03-08 12:44:04 +0100
Processing by Rails::WelcomeController#index as HTML
  Rendered /Users/m.figand/.rvm/gems/ruby-2.2.3/gems/railties-4.2.3/lib/rails/templates/rails/welcome/index.html.erb (0.1ms)
Completed 200 OK in 3ms (Views: 2.0ms | ActiveRecord: 0.0ms)


Started GET "/users/sign_up" for ::1 at 2016-03-08 12:44:18 +0100
Processing by Devise::RegistrationsController#new as HTML
  [1m[35mUser Load (0.1ms)[0m  SELECT  "users".* FROM "users" WHERE "users"."id" = ?  ORDER BY "users"."id" ASC LIMIT 1  [["id", 5]]
Redirected to http://localhost:3000/
Filter chain halted as :require_no_authentication rendered or redirected
Completed 302 Found in 2ms (ActiveRecord: 0.1ms)


Started GET "/" for ::1 at 2016-03-08 12:44:18 +0100
Processing by Rails::WelcomeController#index as HTML
  Rendered /Users/m.figand/.rvm/gems/ruby-2.2.3/gems/railties-4.2.3/lib/rails/templates/rails/welcome/index.html.erb (0.1ms)
Completed 200 OK in 3ms (Views: 1.6ms | ActiveRecord: 0.0ms)


Started GET "/users/sign_up" for ::1 at 2016-03-08 12:45:58 +0100
  [1m[36mActiveRecord::SchemaMigration Load (0.2ms)[0m  [1mSELECT "schema_migrations".* FROM "schema_migrations"[0m
Processing by Devise::RegistrationsController#new as HTML
  [1m[35mUser Load (0.2ms)[0m  SELECT  "users".* FROM "users" WHERE "users"."id" = ?  ORDER BY "users"."id" ASC LIMIT 1  [["id", 5]]
Redirected to http://localhost:3000/
Filter chain halted as :require_no_authentication rendered or redirected
Completed 302 Found in 34ms (ActiveRecord: 1.1ms)


Started GET "/" for ::1 at 2016-03-08 12:45:58 +0100
Processing by Rails::WelcomeController#index as HTML
  Rendered /Users/m.figand/.rvm/gems/ruby-2.2.3/gems/railties-4.2.3/lib/rails/templates/rails/welcome/index.html.erb (1.6ms)
Completed 200 OK in 8ms (Views: 7.6ms | ActiveRecord: 0.0ms)
  [1m[36m (2.5ms)[0m  [1mCREATE TABLE "tasks" ("id" INTEGER PRIMARY KEY AUTOINCREMENT NOT NULL, "name" varchar, "due_date" datetime, "completed" boolean DEFAULT 'f', "user_id" integer, "created_at" datetime NOT NULL, "updated_at" datetime NOT NULL) [0m
  [1m[35m (0.8ms)[0m  CREATE TABLE "users" ("id" INTEGER PRIMARY KEY AUTOINCREMENT NOT NULL, "name" varchar, "email" varchar, "created_at" datetime NOT NULL, "updated_at" datetime NOT NULL, "encrypted_password" varchar DEFAULT '' NOT NULL, "reset_password_token" varchar, "reset_password_sent_at" datetime, "remember_created_at" datetime) 
  [1m[36m (0.1ms)[0m  [1mselect sqlite_version(*)[0m
  [1m[35m (0.7ms)[0m  CREATE  INDEX "index_users_on_email" ON "users" ("email")
  [1m[36m (0.1ms)[0m  [1m            SELECT sql
            FROM sqlite_master
            WHERE name='index_users_on_email' AND type='index'
            UNION ALL
            SELECT sql
            FROM sqlite_temp_master
            WHERE name='index_users_on_email' AND type='index'
[0m
  [1m[35m (1.1ms)[0m  CREATE UNIQUE INDEX "index_users_on_reset_password_token" ON "users" ("reset_password_token")
  [1m[36m (0.9ms)[0m  [1mCREATE TABLE "schema_migrations" ("version" varchar NOT NULL) [0m
  [1m[35m (0.8ms)[0m  CREATE UNIQUE INDEX "unique_schema_migrations" ON "schema_migrations" ("version")
  [1m[36m (0.1ms)[0m  [1mSELECT version FROM "schema_migrations"[0m
  [1m[35m (1.1ms)[0m  INSERT INTO "schema_migrations" (version) VALUES ('20160308111526')
  [1m[36m (1.4ms)[0m  [1mINSERT INTO "schema_migrations" (version) VALUES ('20150809190834')[0m
  [1m[35m (1.4ms)[0m  INSERT INTO "schema_migrations" (version) VALUES ('20150809211032')
  [1m[36m (4.9ms)[0m  [1mCREATE TABLE "tasks" ("id" INTEGER PRIMARY KEY AUTOINCREMENT NOT NULL, "name" varchar, "due_date" datetime, "completed" boolean DEFAULT 'f', "user_id" integer, "created_at" datetime NOT NULL, "updated_at" datetime NOT NULL) [0m
  [1m[35m (1.0ms)[0m  CREATE TABLE "users" ("id" INTEGER PRIMARY KEY AUTOINCREMENT NOT NULL, "name" varchar, "email" varchar, "created_at" datetime NOT NULL, "updated_at" datetime NOT NULL, "encrypted_password" varchar DEFAULT '' NOT NULL, "reset_password_token" varchar, "reset_password_sent_at" datetime, "remember_created_at" datetime) 
  [1m[36m (0.2ms)[0m  [1mselect sqlite_version(*)[0m
  [1m[35m (1.6ms)[0m  CREATE  INDEX "index_users_on_email" ON "users" ("email")
  [1m[36m (0.2ms)[0m  [1m            SELECT sql
            FROM sqlite_master
            WHERE name='index_users_on_email' AND type='index'
            UNION ALL
            SELECT sql
            FROM sqlite_temp_master
            WHERE name='index_users_on_email' AND type='index'
[0m
  [1m[35m (1.1ms)[0m  CREATE UNIQUE INDEX "index_users_on_reset_password_token" ON "users" ("reset_password_token")
  [1m[36m (0.8ms)[0m  [1mCREATE TABLE "schema_migrations" ("version" varchar NOT NULL) [0m
  [1m[35m (0.8ms)[0m  CREATE UNIQUE INDEX "unique_schema_migrations" ON "schema_migrations" ("version")
  [1m[36m (0.2ms)[0m  [1mSELECT version FROM "schema_migrations"[0m
  [1m[35m (1.1ms)[0m  INSERT INTO "schema_migrations" (version) VALUES ('20160308111526')
  [1m[36m (0.8ms)[0m  [1mINSERT INTO "schema_migrations" (version) VALUES ('20150809190834')[0m
  [1m[35m (1.1ms)[0m  INSERT INTO "schema_migrations" (version) VALUES ('20150809211032')
  [1m[36mActiveRecord::SchemaMigration Load (0.2ms)[0m  [1mSELECT "schema_migrations".* FROM "schema_migrations"[0m
  [1m[35m (0.1ms)[0m  begin transaction
  [1m[36mUser Exists (0.2ms)[0m  [1mSELECT  1 AS one FROM "users" WHERE "users"."email" = 'paul@arrakis.com' LIMIT 1[0m
  [1m[35mUser Exists (0.4ms)[0m  SELECT  1 AS one FROM "users" WHERE LOWER("users"."email") = LOWER('paul@arrakis.com') LIMIT 1
  [1m[36mSQL (0.4ms)[0m  [1mINSERT INTO "users" ("name", "email", "encrypted_password", "created_at", "updated_at") VALUES (?, ?, ?, ?, ?)[0m  [["name", "Paul Atreides"], ["email", "paul@arrakis.com"], ["encrypted_password", "$2a$10$YCedjhidyQKgf5lGD50xvOhSMmUNazbYUHq/Wipm0H7kmO419.Lm2"], ["created_at", "2016-03-08 11:47:54.134006"], ["updated_at", "2016-03-08 11:47:54.134006"]]
  [1m[35m (2.5ms)[0m  commit transaction
  [1m[36m (0.1ms)[0m  [1mbegin transaction[0m
  [1m[35mUser Exists (0.1ms)[0m  SELECT  1 AS one FROM "users" WHERE "users"."email" = 'alia@arrakis.com' LIMIT 1
  [1m[36mUser Exists (0.1ms)[0m  [1mSELECT  1 AS one FROM "users" WHERE LOWER("users"."email") = LOWER('alia@arrakis.com') LIMIT 1[0m
  [1m[35mSQL (0.2ms)[0m  INSERT INTO "users" ("name", "email", "encrypted_password", "created_at", "updated_at") VALUES (?, ?, ?, ?, ?)  [["name", "Alia Atreides"], ["email", "alia@arrakis.com"], ["encrypted_password", "$2a$10$3eSlHQ4Mn.qJpzxoHbH8Ue5Ja8oS6Ur5LLlbGdFU93QhH0AcU28cC"], ["created_at", "2016-03-08 11:47:54.202814"], ["updated_at", "2016-03-08 11:47:54.202814"]]
  [1m[36m (1.3ms)[0m  [1mcommit transaction[0m
  [1m[35m (0.1ms)[0m  begin transaction
  [1m[36mUser Exists (0.1ms)[0m  [1mSELECT  1 AS one FROM "users" WHERE "users"."email" = 'leto@arrakis.com' LIMIT 1[0m
  [1m[35mUser Exists (0.1ms)[0m  SELECT  1 AS one FROM "users" WHERE LOWER("users"."email") = LOWER('leto@arrakis.com') LIMIT 1
  [1m[36mSQL (0.2ms)[0m  [1mINSERT INTO "users" ("name", "email", "encrypted_password", "created_at", "updated_at") VALUES (?, ?, ?, ?, ?)[0m  [["name", "Leto Atreides"], ["email", "leto@arrakis.com"], ["encrypted_password", "$2a$10$0iJHxEMRR2m8uIohLCX9VOAmzSo0tr3r5oS/MS3fazCwCEYYmoEDm"], ["created_at", "2016-03-08 11:47:54.272836"], ["updated_at", "2016-03-08 11:47:54.272836"]]
  [1m[35m (1.4ms)[0m  commit transaction


Started GET "/users/sign_up" for ::1 at 2016-03-08 12:48:36 +0100
  [1m[36mActiveRecord::SchemaMigration Load (0.1ms)[0m  [1mSELECT "schema_migrations".* FROM "schema_migrations"[0m
Processing by Devise::RegistrationsController#new as HTML
  [1m[35mUser Load (0.2ms)[0m  SELECT  "users".* FROM "users" WHERE "users"."id" = ?  ORDER BY "users"."id" ASC LIMIT 1  [["id", 5]]
  Rendered devise/shared/_links.html.erb (1.3ms)
  Rendered devise/registrations/new.html.erb within layouts/application (26.4ms)
Completed 200 OK in 256ms (Views: 228.7ms | ActiveRecord: 0.5ms)


Started POST "/users" for ::1 at 2016-03-08 12:48:56 +0100
Processing by Devise::RegistrationsController#create as HTML
  Parameters: {"utf8"=>"✓", "authenticity_token"=>"3DPRB2e8O7n7adyG04v5I+SgcXg2WdBdx8zSi8cemXFLmOtkxpSTmUzN0oJm2KIh+ZX+VD047GGdXqp0GB6+hg==", "user"=>{"name"=>"Manu", "email"=>"manu@gmail.com", "password"=>"[FILTERED]", "password_confirmation"=>"[FILTERED]"}, "commit"=>"Sign up"}
  [1m[36m (0.1ms)[0m  [1mbegin transaction[0m
  [1m[35mUser Exists (0.1ms)[0m  SELECT  1 AS one FROM "users" WHERE "users"."email" = 'manu@gmail.com' LIMIT 1
  [1m[36mUser Exists (0.1ms)[0m  [1mSELECT  1 AS one FROM "users" WHERE LOWER("users"."email") = LOWER('manu@gmail.com') LIMIT 1[0m
  [1m[35mSQL (0.4ms)[0m  INSERT INTO "users" ("email", "encrypted_password", "name", "created_at", "updated_at") VALUES (?, ?, ?, ?, ?)  [["email", "manu@gmail.com"], ["encrypted_password", "$2a$10$BrvIumkKjsB166RzMOjJi.0skMdjcr8lKlrr78wgKNGh998BA0Azm"], ["name", "Manu"], ["created_at", "2016-03-08 11:48:56.333657"], ["updated_at", "2016-03-08 11:48:56.333657"]]
  [1m[36m (1.5ms)[0m  [1mcommit transaction[0m
Redirected to http://localhost:3000/
Completed 302 Found in 100ms (ActiveRecord: 2.2ms)


Started GET "/" for ::1 at 2016-03-08 12:48:56 +0100
Processing by Rails::WelcomeController#index as HTML
  Rendered /Users/m.figand/.rvm/gems/ruby-2.2.3/gems/railties-4.2.3/lib/rails/templates/rails/welcome/index.html.erb (0.5ms)
Completed 200 OK in 3ms (Views: 2.3ms | ActiveRecord: 0.0ms)


Started GET "/users/sign_in" for ::1 at 2016-03-08 12:49:07 +0100
Processing by Devise::SessionsController#new as HTML
  [1m[35mUser Load (0.1ms)[0m  SELECT  "users".* FROM "users" WHERE "users"."id" = ?  ORDER BY "users"."id" ASC LIMIT 1  [["id", 4]]
Redirected to http://localhost:3000/
Filter chain halted as :require_no_authentication rendered or redirected
Completed 302 Found in 3ms (ActiveRecord: 0.1ms)


Started GET "/" for ::1 at 2016-03-08 12:49:07 +0100
Processing by Rails::WelcomeController#index as HTML
  Rendered /Users/m.figand/.rvm/gems/ruby-2.2.3/gems/railties-4.2.3/lib/rails/templates/rails/welcome/index.html.erb (1.0ms)
Completed 200 OK in 4ms (Views: 3.4ms | ActiveRecord: 0.0ms)


Started GET "/users/sign_in" for ::1 at 2016-03-08 12:49:07 +0100
Processing by Devise::SessionsController#new as HTML
  [1m[36mUser Load (0.1ms)[0m  [1mSELECT  "users".* FROM "users" WHERE "users"."id" = ?  ORDER BY "users"."id" ASC LIMIT 1[0m  [["id", 4]]
Redirected to http://localhost:3000/
Filter chain halted as :require_no_authentication rendered or redirected
Completed 302 Found in 2ms (ActiveRecord: 0.1ms)


Started GET "/" for ::1 at 2016-03-08 12:49:07 +0100
Processing by Rails::WelcomeController#index as HTML
  Rendered /Users/m.figand/.rvm/gems/ruby-2.2.3/gems/railties-4.2.3/lib/rails/templates/rails/welcome/index.html.erb (0.1ms)
Completed 200 OK in 2ms (Views: 1.6ms | ActiveRecord: 0.0ms)


Started GET "/users" for ::1 at 2016-03-08 12:50:52 +0100
Processing by UsersController#index as HTML
  [1m[35mUser Load (0.2ms)[0m  SELECT "users".* FROM "users"
  Rendered users/index.html.erb within layouts/application (3.4ms)
Completed 200 OK in 47ms (Views: 45.6ms | ActiveRecord: 0.2ms)


Started GET "/users/sign_up" for ::1 at 2016-03-08 12:51:01 +0100
Processing by Devise::RegistrationsController#new as HTML
  [1m[36mUser Load (0.1ms)[0m  [1mSELECT  "users".* FROM "users" WHERE "users"."id" = ?  ORDER BY "users"."id" ASC LIMIT 1[0m  [["id", 4]]
Redirected to http://localhost:3000/
Filter chain halted as :require_no_authentication rendered or redirected
Completed 302 Found in 2ms (ActiveRecord: 0.1ms)


Started GET "/" for ::1 at 2016-03-08 12:51:01 +0100
Processing by Rails::WelcomeController#index as HTML
  Rendered /Users/m.figand/.rvm/gems/ruby-2.2.3/gems/railties-4.2.3/lib/rails/templates/rails/welcome/index.html.erb (0.0ms)
Completed 200 OK in 2ms (Views: 1.5ms | ActiveRecord: 0.0ms)


Started GET "/users" for ::1 at 2016-03-08 12:58:33 +0100
Processing by UsersController#index as HTML
  [1m[35mUser Load (0.1ms)[0m  SELECT  "users".* FROM "users" WHERE "users"."id" = ?  ORDER BY "users"."id" ASC LIMIT 1  [["id", 4]]
  [1m[36mUser Load (0.2ms)[0m  [1mSELECT "users".* FROM "users"[0m
  Rendered users/index.html.erb within layouts/application (2.4ms)
Completed 200 OK in 40ms (Views: 32.2ms | ActiveRecord: 0.7ms)


Started GET "/assets/users.self-e3b0c44298fc1c149afbf4c8996fb92427ae41e4649b934ca495991b7852b855.css?body=1" for ::1 at 2016-03-08 12:58:33 +0100


Started GET "/assets/application.self-2a186542d9ae5b372f983963638ad5986631bab276d15dae39f7ad935a58ebd0.css?body=1" for ::1 at 2016-03-08 12:58:33 +0100


Started GET "/assets/jquery.self-d03a5518f45df77341bdbe6201ba3bfa547ebba8ed64f0ea56bfa5f96ea7c074.js?body=1" for ::1 at 2016-03-08 12:58:33 +0100


Started GET "/assets/jquery_ujs.self-ca5248a2fad13d6bd58ea121318d642f195f0b2dd818b30615f785ff365e8d1f.js?body=1" for ::1 at 2016-03-08 12:58:33 +0100


Started GET "/assets/turbolinks.self-c37727e9bd6b2735da5c311aa83fead54ed0be6cc8bd9a65309e9c5abe2cbfff.js?body=1" for ::1 at 2016-03-08 12:58:33 +0100


Started GET "/assets/api/v1/tasks.self-e3b0c44298fc1c149afbf4c8996fb92427ae41e4649b934ca495991b7852b855.css?body=1" for ::1 at 2016-03-08 12:58:33 +0100


Started GET "/assets/api/v1/tasks.self-877aef30ae1b040ab8a3aba4e3e309a11d7f2612f44dde450b5c157aa5f95c05.js?body=1" for ::1 at 2016-03-08 12:58:33 +0100


Started GET "/assets/users.self-877aef30ae1b040ab8a3aba4e3e309a11d7f2612f44dde450b5c157aa5f95c05.js?body=1" for ::1 at 2016-03-08 12:58:33 +0100


Started GET "/assets/application.self-3b8dabdc891efe46b9a144b400ad69e37d7e5876bdc39dee783419a69d7ca819.js?body=1" for ::1 at 2016-03-08 12:58:33 +0100


Started GET "/users/sign_up" for ::1 at 2016-03-08 12:58:46 +0100
Processing by Devise::RegistrationsController#new as HTML
  [1m[35mUser Load (0.1ms)[0m  SELECT  "users".* FROM "users" WHERE "users"."id" = ?  ORDER BY "users"."id" ASC LIMIT 1  [["id", 4]]
Redirected to http://localhost:3000/
Filter chain halted as :require_no_authentication rendered or redirected
Completed 302 Found in 2ms (ActiveRecord: 0.1ms)


Started GET "/" for ::1 at 2016-03-08 12:58:46 +0100
Processing by Rails::WelcomeController#index as HTML
  Rendered /Users/m.figand/.rvm/gems/ruby-2.2.3/gems/railties-4.2.3/lib/rails/templates/rails/welcome/index.html.erb (0.1ms)
Completed 200 OK in 3ms (Views: 2.2ms | ActiveRecord: 0.0ms)


Started GET "/users/sign_in" for ::1 at 2016-03-08 12:58:56 +0100
Processing by Devise::SessionsController#new as HTML
  [1m[36mUser Load (0.1ms)[0m  [1mSELECT  "users".* FROM "users" WHERE "users"."id" = ?  ORDER BY "users"."id" ASC LIMIT 1[0m  [["id", 4]]
Redirected to http://localhost:3000/
Filter chain halted as :require_no_authentication rendered or redirected
Completed 302 Found in 3ms (ActiveRecord: 0.1ms)


Started GET "/" for ::1 at 2016-03-08 12:58:56 +0100
Processing by Rails::WelcomeController#index as HTML
  Rendered /Users/m.figand/.rvm/gems/ruby-2.2.3/gems/railties-4.2.3/lib/rails/templates/rails/welcome/index.html.erb (0.0ms)
Completed 200 OK in 2ms (Views: 1.6ms | ActiveRecord: 0.0ms)


Started GET "/users/4" for ::1 at 2016-03-08 12:59:17 +0100
  [1m[36mActiveRecord::SchemaMigration Load (0.1ms)[0m  [1mSELECT "schema_migrations".* FROM "schema_migrations"[0m
Processing by UsersController#show as HTML
  Parameters: {"id"=>"4"}
  [1m[35mUser Load (0.2ms)[0m  SELECT  "users".* FROM "users" WHERE "users"."id" = ?  ORDER BY "users"."id" ASC LIMIT 1  [["id", 4]]
  [1m[36mUser Load (0.2ms)[0m  [1mSELECT  "users".* FROM "users" WHERE "users"."id" = ? LIMIT 1[0m  [["id", 4]]
  Rendered users/show.html.erb within layouts/application (1.6ms)
Completed 200 OK in 222ms (Views: 196.2ms | ActiveRecord: 0.7ms)


Started DELETE "/users/sign_out" for ::1 at 2016-03-08 12:59:20 +0100
Processing by Devise::SessionsController#destroy as HTML
  Parameters: {"authenticity_token"=>"zsjQ9tKL5my4YUXIuw/dVnYj5bbzWfHyVhTITDMU11RZY+qVc6NOTA/FS8wOXIZUaxZqmvg4zc4MhrCz7BTwow=="}
  [1m[35mUser Load (0.1ms)[0m  SELECT  "users".* FROM "users" WHERE "users"."id" = ?  ORDER BY "users"."id" ASC LIMIT 1  [["id", 4]]
  [1m[36m (0.1ms)[0m  [1mbegin transaction[0m
  [1m[35m (0.0ms)[0m  commit transaction
Redirected to http://localhost:3000/
Completed 302 Found in 14ms (ActiveRecord: 0.2ms)


Started GET "/" for ::1 at 2016-03-08 12:59:20 +0100
Processing by Rails::WelcomeController#index as HTML
  Rendered /Users/m.figand/.rvm/gems/ruby-2.2.3/gems/railties-4.2.3/lib/rails/templates/rails/welcome/index.html.erb (0.6ms)
Completed 200 OK in 3ms (Views: 2.3ms | ActiveRecord: 0.0ms)


Started GET "/users" for ::1 at 2016-03-08 13:00:32 +0100
Processing by UsersController#index as HTML
Completed 401 Unauthorized in 7ms (ActiveRecord: 0.0ms)


Started GET "/users/sign_in" for ::1 at 2016-03-08 13:00:32 +0100
Processing by Devise::SessionsController#new as HTML
  Rendered devise/shared/_links.html.erb (1.1ms)
  Rendered devise/sessions/new.html.erb within layouts/application (29.7ms)
Completed 200 OK in 64ms (Views: 56.4ms | ActiveRecord: 0.4ms)


Started GET "/projects" for ::1 at 2016-03-08 13:00:33 +0100

ActionController::RoutingError (No route matches [GET] "/projects"):
  actionpack (4.2.3) lib/action_dispatch/middleware/debug_exceptions.rb:21:in `call'
  web-console (2.2.1) lib/web_console/middleware.rb:39:in `call'
  actionpack (4.2.3) lib/action_dispatch/middleware/show_exceptions.rb:30:in `call'
  railties (4.2.3) lib/rails/rack/logger.rb:38:in `call_app'
  railties (4.2.3) lib/rails/rack/logger.rb:20:in `block in call'
  activesupport (4.2.3) lib/active_support/tagged_logging.rb:68:in `block in tagged'
  activesupport (4.2.3) lib/active_support/tagged_logging.rb:26:in `tagged'
  activesupport (4.2.3) lib/active_support/tagged_logging.rb:68:in `tagged'
  railties (4.2.3) lib/rails/rack/logger.rb:20:in `call'
  actionpack (4.2.3) lib/action_dispatch/middleware/request_id.rb:21:in `call'
  rack (1.6.4) lib/rack/methodoverride.rb:22:in `call'
  rack (1.6.4) lib/rack/runtime.rb:18:in `call'
  activesupport (4.2.3) lib/active_support/cache/strategy/local_cache_middleware.rb:28:in `call'
  rack (1.6.4) lib/rack/lock.rb:17:in `call'
  actionpack (4.2.3) lib/action_dispatch/middleware/static.rb:116:in `call'
  rack (1.6.4) lib/rack/sendfile.rb:113:in `call'
  railties (4.2.3) lib/rails/engine.rb:518:in `call'
  railties (4.2.3) lib/rails/application.rb:165:in `call'
  rack (1.6.4) lib/rack/lock.rb:17:in `call'
  rack (1.6.4) lib/rack/content_length.rb:15:in `call'
  rack (1.6.4) lib/rack/handler/webrick.rb:88:in `service'
  /Users/m.figand/.rvm/rubies/ruby-2.2.3/lib/ruby/2.2.0/webrick/httpserver.rb:138:in `service'
  /Users/m.figand/.rvm/rubies/ruby-2.2.3/lib/ruby/2.2.0/webrick/httpserver.rb:94:in `run'
  /Users/m.figand/.rvm/rubies/ruby-2.2.3/lib/ruby/2.2.0/webrick/server.rb:294:in `block in start_thread'


  Rendered /Users/m.figand/.rvm/gems/ruby-2.2.3/gems/actionpack-4.2.3/lib/action_dispatch/middleware/templates/rescues/_trace.html.erb (1.5ms)
  Rendered /Users/m.figand/.rvm/gems/ruby-2.2.3/gems/actionpack-4.2.3/lib/action_dispatch/middleware/templates/routes/_route.html.erb (2.2ms)
  Rendered /Users/m.figand/.rvm/gems/ruby-2.2.3/gems/actionpack-4.2.3/lib/action_dispatch/middleware/templates/routes/_table.html.erb (3.4ms)
  Rendered /Users/m.figand/.rvm/gems/ruby-2.2.3/gems/actionpack-4.2.3/lib/action_dispatch/middleware/templates/rescues/_request_and_response.html.erb (1.1ms)
  Rendered /Users/m.figand/.rvm/gems/ruby-2.2.3/gems/actionpack-4.2.3/lib/action_dispatch/middleware/templates/rescues/routing_error.html.erb within rescues/layout (79.9ms)
  Rendered /Users/m.figand/.rvm/gems/ruby-2.2.3/gems/web-console-2.2.1/lib/web_console/templates/_markup.html.erb (0.4ms)
  Rendered /Users/m.figand/.rvm/gems/ruby-2.2.3/gems/web-console-2.2.1/lib/web_console/templates/_inner_console_markup.html.erb within layouts/inlined_string (0.4ms)
  Rendered /Users/m.figand/.rvm/gems/ruby-2.2.3/gems/web-console-2.2.1/lib/web_console/templates/_prompt_box_markup.html.erb within layouts/inlined_string (0.3ms)
  Rendered /Users/m.figand/.rvm/gems/ruby-2.2.3/gems/web-console-2.2.1/lib/web_console/templates/style.css.erb within layouts/inlined_string (0.5ms)
  Rendered /Users/m.figand/.rvm/gems/ruby-2.2.3/gems/web-console-2.2.1/lib/web_console/templates/console.js.erb within layouts/javascript (45.3ms)
  Rendered /Users/m.figand/.rvm/gems/ruby-2.2.3/gems/web-console-2.2.1/lib/web_console/templates/main.js.erb within layouts/javascript (0.2ms)
  Rendered /Users/m.figand/.rvm/gems/ruby-2.2.3/gems/web-console-2.2.1/lib/web_console/templates/error_page.js.erb within layouts/javascript (0.3ms)
  Rendered /Users/m.figand/.rvm/gems/ruby-2.2.3/gems/web-console-2.2.1/lib/web_console/templates/index.html.erb (96.9ms)


Started GET "/profile" for ::1 at 2016-03-08 13:00:34 +0100
Processing by UsersController#profile as HTML
Completed 401 Unauthorized in 1ms (ActiveRecord: 0.0ms)


Started GET "/users/sign_in" for ::1 at 2016-03-08 13:00:34 +0100
Processing by Devise::SessionsController#new as HTML
  Rendered devise/shared/_links.html.erb (0.2ms)
  Rendered devise/sessions/new.html.erb within layouts/application (3.0ms)
Completed 200 OK in 31ms (Views: 30.4ms | ActiveRecord: 0.0ms)


Started POST "/users/sign_in" for ::1 at 2016-03-08 13:00:56 +0100
Processing by Devise::SessionsController#create as HTML
  Parameters: {"utf8"=>"✓", "authenticity_token"=>"uisV91P1sDFGP12qv4976RPH3x+UOV6xywycc4AUpvDmZiYptd1BvwD/qZoGR31HjseUW9iwrPD2sdjf0AtRZg==", "user"=>{"email"=>"manu@gmail.com", "password"=>"[FILTERED]", "remember_me"=>"0"}, "commit"=>"Log in"}
  [1m[36mUser Load (0.2ms)[0m  [1mSELECT  "users".* FROM "users" WHERE "users"."email" = ?  ORDER BY "users"."id" ASC LIMIT 1[0m  [["email", "manu@gmail.com"]]
Redirected to http://localhost:3000/profile
Completed 302 Found in 83ms (ActiveRecord: 0.2ms)


Started GET "/profile" for ::1 at 2016-03-08 13:00:56 +0100
Processing by UsersController#profile as HTML
  [1m[35mUser Load (0.2ms)[0m  SELECT  "users".* FROM "users" WHERE "users"."id" = ?  ORDER BY "users"."id" ASC LIMIT 1  [["id", 4]]
  Rendered users/profile.html.erb within layouts/application (0.4ms)
Completed 200 OK in 31ms (Views: 29.5ms | ActiveRecord: 0.2ms)
