  [1m[36m (1.0ms)[0m  [1mCREATE TABLE "schema_migrations" ("version" varchar NOT NULL) [0m
  [1m[35m (0.2ms)[0m  select sqlite_version(*)
  [1m[36m (0.9ms)[0m  [1mCREATE UNIQUE INDEX "unique_schema_migrations" ON "schema_migrations" ("version")[0m
  [1m[35mActiveRecord::SchemaMigration Load (0.1ms)[0m  SELECT "schema_migrations".* FROM "schema_migrations"
Migrating to CreateUsers (20150809190834)
  [1m[36m (0.1ms)[0m  [1mbegin transaction[0m
  [1m[35m (0.4ms)[0m  CREATE TABLE "users" ("id" INTEGER PRIMARY KEY AUTOINCREMENT NOT NULL, "name" varchar, "email" varchar, "created_at" datetime NOT NULL, "updated_at" datetime NOT NULL) 
  [1m[36m (0.1ms)[0m  [1mCREATE  INDEX "index_users_on_email" ON "users" ("email")[0m
  [1m[35mSQL (0.4ms)[0m  INSERT INTO "schema_migrations" ("version") VALUES (?)  [["version", "20150809190834"]]
  [1m[36m (0.6ms)[0m  [1mcommit transaction[0m
Migrating to CreateTasks (20150809211032)
  [1m[35m (0.1ms)[0m  begin transaction
  [1m[36m (0.3ms)[0m  [1mCREATE TABLE "tasks" ("id" INTEGER PRIMARY KEY AUTOINCREMENT NOT NULL, "name" varchar, "due_date" datetime, "completed" boolean DEFAULT 'f', "user_id" integer, "created_at" datetime NOT NULL, "updated_at" datetime NOT NULL) [0m
  [1m[35mSQL (0.1ms)[0m  INSERT INTO "schema_migrations" ("version") VALUES (?)  [["version", "20150809211032"]]
  [1m[36m (0.5ms)[0m  [1mcommit transaction[0m
  [1m[35mActiveRecord::SchemaMigration Load (0.1ms)[0m  SELECT "schema_migrations".* FROM "schema_migrations"
  [1m[36m (0.1ms)[0m  [1m            SELECT sql
            FROM sqlite_master
            WHERE name='index_users_on_email' AND type='index'
            UNION ALL
            SELECT sql
            FROM sqlite_temp_master
            WHERE name='index_users_on_email' AND type='index'
[0m
  [1m[36mActiveRecord::SchemaMigration Load (0.1ms)[0m  [1mSELECT "schema_migrations".* FROM "schema_migrations"[0m
  [1m[35m (0.1ms)[0m  begin transaction
  [1m[36mUser Exists (0.1ms)[0m  [1mSELECT  1 AS one FROM "users" WHERE LOWER("users"."email") = LOWER('ian@dischord.com') LIMIT 1[0m
  [1m[35mSQL (0.7ms)[0m  INSERT INTO "users" ("name", "email", "created_at", "updated_at") VALUES (?, ?, ?, ?)  [["name", "Ian"], ["email", "ian@dischord.com"], ["created_at", "2016-03-08 08:27:01.832436"], ["updated_at", "2016-03-08 08:27:01.832436"]]
  [1m[36m (1.3ms)[0m  [1mcommit transaction[0m
  [1m[35m (0.0ms)[0m  begin transaction
  [1m[36mUser Exists (0.1ms)[0m  [1mSELECT  1 AS one FROM "users" WHERE LOWER("users"."email") = LOWER('hank@sst.com') LIMIT 1[0m
  [1m[35mSQL (0.2ms)[0m  INSERT INTO "users" ("name", "email", "created_at", "updated_at") VALUES (?, ?, ?, ?)  [["name", "Henry"], ["email", "hank@sst.com"], ["created_at", "2016-03-08 08:27:01.836543"], ["updated_at", "2016-03-08 08:27:01.836543"]]
  [1m[36m (0.5ms)[0m  [1mcommit transaction[0m
  [1m[35m (0.0ms)[0m  begin transaction
  [1m[36mUser Exists (0.1ms)[0m  [1mSELECT  1 AS one FROM "users" WHERE LOWER("users"."email") = LOWER('danzig@plan9.com') LIMIT 1[0m
  [1m[35mSQL (0.2ms)[0m  INSERT INTO "users" ("name", "email", "created_at", "updated_at") VALUES (?, ?, ?, ?)  [["name", "Glenn"], ["email", "danzig@plan9.com"], ["created_at", "2016-03-08 08:27:01.838806"], ["updated_at", "2016-03-08 08:27:01.838806"]]
  [1m[36m (0.5ms)[0m  [1mcommit transaction[0m
  [1m[35m (0.0ms)[0m  begin transaction
  [1m[36mUser Exists (0.1ms)[0m  [1mSELECT  1 AS one FROM "users" WHERE LOWER("users"."email") = LOWER('paul@reachoutinternational.com') LIMIT 1[0m
  [1m[35mSQL (0.2ms)[0m  INSERT INTO "users" ("name", "email", "created_at", "updated_at") VALUES (?, ?, ?, ?)  [["name", "H.R."], ["email", "paul@reachoutinternational.com"], ["created_at", "2016-03-08 08:27:01.841083"], ["updated_at", "2016-03-08 08:27:01.841083"]]
  [1m[36m (0.5ms)[0m  [1mcommit transaction[0m
  [1m[35m (0.0ms)[0m  begin transaction
  [1m[36mSQL (0.3ms)[0m  [1mINSERT INTO "tasks" ("name", "due_date", "user_id", "created_at", "updated_at") VALUES (?, ?, ?, ?, ?)[0m  [["name", "Task 1 for Ian"], ["due_date", "2016-03-08 08:27:01.845619"], ["user_id", 1], ["created_at", "2016-03-08 08:27:01.851299"], ["updated_at", "2016-03-08 08:27:01.851299"]]
  [1m[35m (0.6ms)[0m  commit transaction
  [1m[36m (0.0ms)[0m  [1mbegin transaction[0m
  [1m[35mSQL (0.2ms)[0m  INSERT INTO "tasks" ("name", "due_date", "user_id", "created_at", "updated_at") VALUES (?, ?, ?, ?, ?)  [["name", "Task 2 for Ian"], ["due_date", "2016-03-08 08:27:01.845650"], ["user_id", 1], ["created_at", "2016-03-08 08:27:01.853623"], ["updated_at", "2016-03-08 08:27:01.853623"]]
  [1m[36m (0.5ms)[0m  [1mcommit transaction[0m
  [1m[35m (0.0ms)[0m  begin transaction
  [1m[36mSQL (0.2ms)[0m  [1mINSERT INTO "tasks" ("name", "due_date", "user_id", "created_at", "updated_at") VALUES (?, ?, ?, ?, ?)[0m  [["name", "Task 1 for Henry"], ["due_date", "2016-03-08 08:27:01.845655"], ["user_id", 2], ["created_at", "2016-03-08 08:27:01.855699"], ["updated_at", "2016-03-08 08:27:01.855699"]]
  [1m[35m (0.5ms)[0m  commit transaction
  [1m[36m (0.0ms)[0m  [1mbegin transaction[0m
  [1m[35mSQL (0.2ms)[0m  INSERT INTO "tasks" ("name", "due_date", "user_id", "created_at", "updated_at") VALUES (?, ?, ?, ?, ?)  [["name", "Task 2 for Henry"], ["due_date", "2016-03-08 08:27:01.845660"], ["user_id", 2], ["created_at", "2016-03-08 08:27:01.857681"], ["updated_at", "2016-03-08 08:27:01.857681"]]
  [1m[36m (0.5ms)[0m  [1mcommit transaction[0m
  [1m[35m (0.0ms)[0m  begin transaction
  [1m[36mSQL (0.2ms)[0m  [1mINSERT INTO "tasks" ("name", "due_date", "user_id", "created_at", "updated_at") VALUES (?, ?, ?, ?, ?)[0m  [["name", "Task 1 for Glenn"], ["due_date", "2016-03-08 08:27:01.845664"], ["user_id", 3], ["created_at", "2016-03-08 08:27:01.859632"], ["updated_at", "2016-03-08 08:27:01.859632"]]
  [1m[35m (0.5ms)[0m  commit transaction
  [1m[36m (0.0ms)[0m  [1mbegin transaction[0m
  [1m[35mSQL (0.2ms)[0m  INSERT INTO "tasks" ("name", "due_date", "user_id", "created_at", "updated_at") VALUES (?, ?, ?, ?, ?)  [["name", "Task 2 for Glenn"], ["due_date", "2016-03-08 08:27:01.845669"], ["user_id", 3], ["created_at", "2016-03-08 08:27:01.861561"], ["updated_at", "2016-03-08 08:27:01.861561"]]
  [1m[36m (0.5ms)[0m  [1mcommit transaction[0m
  [1m[35m (0.0ms)[0m  begin transaction
  [1m[36mSQL (0.2ms)[0m  [1mINSERT INTO "tasks" ("name", "due_date", "user_id", "created_at", "updated_at") VALUES (?, ?, ?, ?, ?)[0m  [["name", "Task 1 for H.R."], ["due_date", "2016-03-08 08:27:01.845672"], ["user_id", 4], ["created_at", "2016-03-08 08:27:01.863621"], ["updated_at", "2016-03-08 08:27:01.863621"]]
  [1m[35m (0.5ms)[0m  commit transaction
  [1m[36m (0.0ms)[0m  [1mbegin transaction[0m
  [1m[35mSQL (0.2ms)[0m  INSERT INTO "tasks" ("name", "due_date", "user_id", "created_at", "updated_at") VALUES (?, ?, ?, ?, ?)  [["name", "Task 2 for H.R"], ["due_date", "2016-03-08 08:27:01.845721"], ["user_id", 4], ["created_at", "2016-03-08 08:27:01.865848"], ["updated_at", "2016-03-08 08:27:01.865848"]]
  [1m[36m (0.5ms)[0m  [1mcommit transaction[0m


Started GET "/" for ::1 at 2016-03-08 09:27:26 +0100
  [1m[36mActiveRecord::SchemaMigration Load (0.1ms)[0m  [1mSELECT "schema_migrations".* FROM "schema_migrations"[0m
Processing by Rails::WelcomeController#index as HTML
  Rendered /Users/m.figand/.rvm/gems/ruby-2.2.3/gems/railties-4.2.3/lib/rails/templates/rails/welcome/index.html.erb (1.7ms)
Completed 200 OK in 15ms (Views: 7.1ms | ActiveRecord: 0.0ms)


Started GET "/users" for ::1 at 2016-03-08 09:27:29 +0100
Processing by UsersController#index as HTML
  [1m[35mUser Load (0.2ms)[0m  SELECT "users".* FROM "users"
  Rendered users/index.html.erb within layouts/application (6.5ms)
Completed 200 OK in 1466ms (Views: 1458.0ms | ActiveRecord: 0.7ms)


Started GET "/assets/users.self-e3b0c44298fc1c149afbf4c8996fb92427ae41e4649b934ca495991b7852b855.css?body=1" for ::1 at 2016-03-08 09:27:30 +0100


Started GET "/assets/api/v1/tasks.self-877aef30ae1b040ab8a3aba4e3e309a11d7f2612f44dde450b5c157aa5f95c05.js?body=1" for ::1 at 2016-03-08 09:27:30 +0100


Started GET "/assets/application.self-2a186542d9ae5b372f983963638ad5986631bab276d15dae39f7ad935a58ebd0.css?body=1" for ::1 at 2016-03-08 09:27:30 +0100


Started GET "/assets/users.self-877aef30ae1b040ab8a3aba4e3e309a11d7f2612f44dde450b5c157aa5f95c05.js?body=1" for ::1 at 2016-03-08 09:27:30 +0100


Started GET "/assets/api/v1/tasks.self-e3b0c44298fc1c149afbf4c8996fb92427ae41e4649b934ca495991b7852b855.css?body=1" for ::1 at 2016-03-08 09:27:30 +0100


Started GET "/assets/jquery_ujs.self-ca5248a2fad13d6bd58ea121318d642f195f0b2dd818b30615f785ff365e8d1f.js?body=1" for ::1 at 2016-03-08 09:27:30 +0100


Started GET "/assets/jquery.self-d03a5518f45df77341bdbe6201ba3bfa547ebba8ed64f0ea56bfa5f96ea7c074.js?body=1" for ::1 at 2016-03-08 09:27:30 +0100


Started GET "/users/new" for ::1 at 2016-03-08 09:28:13 +0100
Processing by UsersController#new as HTML
  Rendered users/_form.html.erb (19.6ms)
  Rendered users/new.html.erb within layouts/application (25.6ms)
Completed 200 OK in 55ms (Views: 53.9ms | ActiveRecord: 0.0ms)


Started GET "/users" for ::1 at 2016-03-08 09:28:16 +0100
Processing by UsersController#index as HTML
  [1m[36mUser Load (0.3ms)[0m  [1mSELECT "users".* FROM "users"[0m
  Rendered users/index.html.erb within layouts/application (2.7ms)
Completed 200 OK in 34ms (Views: 32.8ms | ActiveRecord: 0.3ms)


Started GET "/task" for ::1 at 2016-03-08 09:29:27 +0100

ActionController::RoutingError (No route matches [GET] "/task"):
  actionpack (4.2.3) lib/action_dispatch/middleware/debug_exceptions.rb:21:in `call'
  web-console (2.2.1) lib/web_console/middleware.rb:39:in `call'
  actionpack (4.2.3) lib/action_dispatch/middleware/show_exceptions.rb:30:in `call'
  railties (4.2.3) lib/rails/rack/logger.rb:38:in `call_app'
  railties (4.2.3) lib/rails/rack/logger.rb:20:in `block in call'
  activesupport (4.2.3) lib/active_support/tagged_logging.rb:68:in `block in tagged'
  activesupport (4.2.3) lib/active_support/tagged_logging.rb:26:in `tagged'
  activesupport (4.2.3) lib/active_support/tagged_logging.rb:68:in `tagged'
  railties (4.2.3) lib/rails/rack/logger.rb:20:in `call'
  actionpack (4.2.3) lib/action_dispatch/middleware/request_id.rb:21:in `call'
  rack (1.6.4) lib/rack/methodoverride.rb:22:in `call'
  rack (1.6.4) lib/rack/runtime.rb:18:in `call'
  activesupport (4.2.3) lib/active_support/cache/strategy/local_cache_middleware.rb:28:in `call'
  rack (1.6.4) lib/rack/lock.rb:17:in `call'
  actionpack (4.2.3) lib/action_dispatch/middleware/static.rb:116:in `call'
  rack (1.6.4) lib/rack/sendfile.rb:113:in `call'
  railties (4.2.3) lib/rails/engine.rb:518:in `call'
  railties (4.2.3) lib/rails/application.rb:165:in `call'
  rack (1.6.4) lib/rack/lock.rb:17:in `call'
  rack (1.6.4) lib/rack/content_length.rb:15:in `call'
  rack (1.6.4) lib/rack/handler/webrick.rb:88:in `service'
  /Users/m.figand/.rvm/rubies/ruby-2.2.3/lib/ruby/2.2.0/webrick/httpserver.rb:138:in `service'
  /Users/m.figand/.rvm/rubies/ruby-2.2.3/lib/ruby/2.2.0/webrick/httpserver.rb:94:in `run'
  /Users/m.figand/.rvm/rubies/ruby-2.2.3/lib/ruby/2.2.0/webrick/server.rb:294:in `block in start_thread'


  Rendered /Users/m.figand/.rvm/gems/ruby-2.2.3/gems/actionpack-4.2.3/lib/action_dispatch/middleware/templates/rescues/_trace.html.erb (1.7ms)
  Rendered /Users/m.figand/.rvm/gems/ruby-2.2.3/gems/actionpack-4.2.3/lib/action_dispatch/middleware/templates/routes/_route.html.erb (1.7ms)
  Rendered /Users/m.figand/.rvm/gems/ruby-2.2.3/gems/actionpack-4.2.3/lib/action_dispatch/middleware/templates/routes/_table.html.erb (2.2ms)
  Rendered /Users/m.figand/.rvm/gems/ruby-2.2.3/gems/actionpack-4.2.3/lib/action_dispatch/middleware/templates/rescues/_request_and_response.html.erb (2.3ms)
  Rendered /Users/m.figand/.rvm/gems/ruby-2.2.3/gems/actionpack-4.2.3/lib/action_dispatch/middleware/templates/rescues/routing_error.html.erb within rescues/layout (71.6ms)
  Rendered /Users/m.figand/.rvm/gems/ruby-2.2.3/gems/web-console-2.2.1/lib/web_console/templates/_markup.html.erb (0.5ms)
  Rendered /Users/m.figand/.rvm/gems/ruby-2.2.3/gems/web-console-2.2.1/lib/web_console/templates/_inner_console_markup.html.erb within layouts/inlined_string (0.8ms)
  Rendered /Users/m.figand/.rvm/gems/ruby-2.2.3/gems/web-console-2.2.1/lib/web_console/templates/_prompt_box_markup.html.erb within layouts/inlined_string (0.5ms)
  Rendered /Users/m.figand/.rvm/gems/ruby-2.2.3/gems/web-console-2.2.1/lib/web_console/templates/style.css.erb within layouts/inlined_string (0.6ms)
  Rendered /Users/m.figand/.rvm/gems/ruby-2.2.3/gems/web-console-2.2.1/lib/web_console/templates/console.js.erb within layouts/javascript (47.5ms)
  Rendered /Users/m.figand/.rvm/gems/ruby-2.2.3/gems/web-console-2.2.1/lib/web_console/templates/main.js.erb within layouts/javascript (0.4ms)
  Rendered /Users/m.figand/.rvm/gems/ruby-2.2.3/gems/web-console-2.2.1/lib/web_console/templates/error_page.js.erb within layouts/javascript (0.8ms)
  Rendered /Users/m.figand/.rvm/gems/ruby-2.2.3/gems/web-console-2.2.1/lib/web_console/templates/index.html.erb (106.3ms)


Started GET "/tasks" for ::1 at 2016-03-08 09:29:37 +0100
Processing by TasksController#index as HTML
  [1m[35mTask Load (0.2ms)[0m  SELECT "tasks".* FROM "tasks"
  Rendered tasks/index.html.erb within layouts/application (12.3ms)
Completed 200 OK in 59ms (Views: 52.4ms | ActiveRecord: 0.3ms)


Started GET "/tasks/1" for ::1 at 2016-03-08 09:29:40 +0100
Processing by TasksController#show as HTML
  Parameters: {"id"=>"1"}
  [1m[36mTask Load (0.2ms)[0m  [1mSELECT  "tasks".* FROM "tasks" WHERE "tasks"."id" = ? LIMIT 1[0m  [["id", 1]]
  Rendered tasks/show.html.erb within layouts/application (1.6ms)
Completed 200 OK in 51ms (Views: 39.0ms | ActiveRecord: 0.2ms)
  [1m[36mActiveRecord::SchemaMigration Load (0.1ms)[0m  [1mSELECT "schema_migrations".* FROM "schema_migrations"[0m
Migrating to AddPasswordDigestToUsers (20160308084347)
  [1m[35m (0.1ms)[0m  begin transaction
  [1m[36m (0.4ms)[0m  [1mALTER TABLE "users" ADD "password_digest" varchar[0m
  [1m[35mSQL (0.2ms)[0m  INSERT INTO "schema_migrations" ("version") VALUES (?)  [["version", "20160308084347"]]
  [1m[36m (0.6ms)[0m  [1mcommit transaction[0m
  [1m[35mActiveRecord::SchemaMigration Load (0.1ms)[0m  SELECT "schema_migrations".* FROM "schema_migrations"
  [1m[36m (0.1ms)[0m  [1m            SELECT sql
            FROM sqlite_master
            WHERE name='index_users_on_email' AND type='index'
            UNION ALL
            SELECT sql
            FROM sqlite_temp_master
            WHERE name='index_users_on_email' AND type='index'
[0m


Started GET "/tasks/1" for ::1 at 2016-03-08 09:57:08 +0100
  [1m[35mActiveRecord::SchemaMigration Load (0.1ms)[0m  SELECT "schema_migrations".* FROM "schema_migrations"
Processing by TasksController#show as HTML
  Parameters: {"id"=>"1"}
  [1m[36mTask Load (0.1ms)[0m  [1mSELECT  "tasks".* FROM "tasks" WHERE "tasks"."id" = ? LIMIT 1[0m  [["id", 1]]
  Rendered tasks/show.html.erb within layouts/application (0.9ms)
Completed 200 OK in 59ms (Views: 48.0ms | ActiveRecord: 0.4ms)


Started GET "/assets/users.self-e3b0c44298fc1c149afbf4c8996fb92427ae41e4649b934ca495991b7852b855.css?body=1" for ::1 at 2016-03-08 09:57:08 +0100


Started GET "/assets/api/v1/tasks.self-e3b0c44298fc1c149afbf4c8996fb92427ae41e4649b934ca495991b7852b855.css?body=1" for ::1 at 2016-03-08 09:57:08 +0100


Started GET "/assets/jquery.self-d03a5518f45df77341bdbe6201ba3bfa547ebba8ed64f0ea56bfa5f96ea7c074.js?body=1" for ::1 at 2016-03-08 09:57:08 +0100


Started GET "/assets/jquery_ujs.self-ca5248a2fad13d6bd58ea121318d642f195f0b2dd818b30615f785ff365e8d1f.js?body=1" for ::1 at 2016-03-08 09:57:08 +0100


Started GET "/assets/application.self-2a186542d9ae5b372f983963638ad5986631bab276d15dae39f7ad935a58ebd0.css?body=1" for ::1 at 2016-03-08 09:57:08 +0100


Started GET "/assets/turbolinks.self-c37727e9bd6b2735da5c311aa83fead54ed0be6cc8bd9a65309e9c5abe2cbfff.js?body=1" for ::1 at 2016-03-08 09:57:08 +0100


Started GET "/assets/api/v1/tasks.self-877aef30ae1b040ab8a3aba4e3e309a11d7f2612f44dde450b5c157aa5f95c05.js?body=1" for ::1 at 2016-03-08 09:57:08 +0100


Started GET "/assets/users.self-877aef30ae1b040ab8a3aba4e3e309a11d7f2612f44dde450b5c157aa5f95c05.js?body=1" for ::1 at 2016-03-08 09:57:08 +0100


Started GET "/assets/application.self-3b8dabdc891efe46b9a144b400ad69e37d7e5876bdc39dee783419a69d7ca819.js?body=1" for ::1 at 2016-03-08 09:57:08 +0100


Started GET "/users" for ::1 at 2016-03-08 09:57:15 +0100
Processing by UsersController#index as HTML
Completed 500 Internal Server Error in 5ms (ActiveRecord: 0.0ms)

LoadError (cannot load such file -- bcrypt):
  app/models/user.rb:14:in `<class:User>'
  app/models/user.rb:1:in `<top (required)>'
  app/controllers/users_controller.rb:5:in `index'


  Rendered /Users/m.figand/.rvm/gems/ruby-2.2.3/gems/actionpack-4.2.3/lib/action_dispatch/middleware/templates/rescues/_source.erb (4.7ms)
  Rendered /Users/m.figand/.rvm/gems/ruby-2.2.3/gems/actionpack-4.2.3/lib/action_dispatch/middleware/templates/rescues/_trace.html.erb (3.9ms)
  Rendered /Users/m.figand/.rvm/gems/ruby-2.2.3/gems/actionpack-4.2.3/lib/action_dispatch/middleware/templates/rescues/_request_and_response.html.erb (1.5ms)
  Rendered /Users/m.figand/.rvm/gems/ruby-2.2.3/gems/actionpack-4.2.3/lib/action_dispatch/middleware/templates/rescues/diagnostics.html.erb within rescues/layout (54.5ms)
  Rendered /Users/m.figand/.rvm/gems/ruby-2.2.3/gems/web-console-2.2.1/lib/web_console/templates/_markup.html.erb (0.4ms)
  Rendered /Users/m.figand/.rvm/gems/ruby-2.2.3/gems/web-console-2.2.1/lib/web_console/templates/_inner_console_markup.html.erb within layouts/inlined_string (0.5ms)
  Rendered /Users/m.figand/.rvm/gems/ruby-2.2.3/gems/web-console-2.2.1/lib/web_console/templates/_prompt_box_markup.html.erb within layouts/inlined_string (0.3ms)
  Rendered /Users/m.figand/.rvm/gems/ruby-2.2.3/gems/web-console-2.2.1/lib/web_console/templates/style.css.erb within layouts/inlined_string (0.3ms)
  Rendered /Users/m.figand/.rvm/gems/ruby-2.2.3/gems/web-console-2.2.1/lib/web_console/templates/console.js.erb within layouts/javascript (44.1ms)
  Rendered /Users/m.figand/.rvm/gems/ruby-2.2.3/gems/web-console-2.2.1/lib/web_console/templates/main.js.erb within layouts/javascript (0.3ms)
  Rendered /Users/m.figand/.rvm/gems/ruby-2.2.3/gems/web-console-2.2.1/lib/web_console/templates/error_page.js.erb within layouts/javascript (0.4ms)
  Rendered /Users/m.figand/.rvm/gems/ruby-2.2.3/gems/web-console-2.2.1/lib/web_console/templates/index.html.erb (95.3ms)


Started GET "/users" for ::1 at 2016-03-08 09:58:06 +0100
  [1m[36mActiveRecord::SchemaMigration Load (0.1ms)[0m  [1mSELECT "schema_migrations".* FROM "schema_migrations"[0m
Processing by UsersController#index as HTML
  [1m[35mUser Load (0.2ms)[0m  SELECT "users".* FROM "users"
  Rendered users/index.html.erb within layouts/application (7.7ms)
Completed 200 OK in 178ms (Views: 164.0ms | ActiveRecord: 0.5ms)


Started GET "/assets/users.self-e3b0c44298fc1c149afbf4c8996fb92427ae41e4649b934ca495991b7852b855.css?body=1" for ::1 at 2016-03-08 09:58:06 +0100


Started GET "/assets/jquery.self-d03a5518f45df77341bdbe6201ba3bfa547ebba8ed64f0ea56bfa5f96ea7c074.js?body=1" for ::1 at 2016-03-08 09:58:06 +0100


Started GET "/assets/api/v1/tasks.self-e3b0c44298fc1c149afbf4c8996fb92427ae41e4649b934ca495991b7852b855.css?body=1" for ::1 at 2016-03-08 09:58:06 +0100


Started GET "/assets/turbolinks.self-c37727e9bd6b2735da5c311aa83fead54ed0be6cc8bd9a65309e9c5abe2cbfff.js?body=1" for ::1 at 2016-03-08 09:58:06 +0100


Started GET "/assets/application.self-2a186542d9ae5b372f983963638ad5986631bab276d15dae39f7ad935a58ebd0.css?body=1" for ::1 at 2016-03-08 09:58:06 +0100


Started GET "/assets/api/v1/tasks.self-877aef30ae1b040ab8a3aba4e3e309a11d7f2612f44dde450b5c157aa5f95c05.js?body=1" for ::1 at 2016-03-08 09:58:06 +0100


Started GET "/assets/jquery_ujs.self-ca5248a2fad13d6bd58ea121318d642f195f0b2dd818b30615f785ff365e8d1f.js?body=1" for ::1 at 2016-03-08 09:58:06 +0100


Started GET "/assets/users.self-877aef30ae1b040ab8a3aba4e3e309a11d7f2612f44dde450b5c157aa5f95c05.js?body=1" for ::1 at 2016-03-08 09:58:06 +0100


Started GET "/assets/application.self-3b8dabdc891efe46b9a144b400ad69e37d7e5876bdc39dee783419a69d7ca819.js?body=1" for ::1 at 2016-03-08 09:58:06 +0100


Started GET "/users/new" for ::1 at 2016-03-08 09:58:33 +0100
Processing by UsersController#new as HTML
  Rendered users/_form.html.erb (18.2ms)
  Rendered users/new.html.erb within layouts/application (24.2ms)
Completed 200 OK in 69ms (Views: 68.6ms | ActiveRecord: 0.0ms)


Started POST "/users" for ::1 at 2016-03-08 09:59:08 +0100
Processing by UsersController#create as HTML
  Parameters: {"utf8"=>"✓", "authenticity_token"=>"lh7Y7SULLo44fSCboz65HfB8ME1r66tf6H/E/f2b8QX/j3nGCa07NyrlYGeHSParT6DuOiZuZMSHNFIAKPNdeQ==", "user"=>{"name"=>"Manu", "email"=>"manu@gmail.com", "password"=>"[FILTERED]", "password_confirmation"=>"[FILTERED]"}, "commit"=>"Create User"}
  [1m[36m (0.1ms)[0m  [1mbegin transaction[0m
  [1m[35mUser Exists (0.1ms)[0m  SELECT  1 AS one FROM "users" WHERE LOWER("users"."email") = LOWER('manu@gmail.com') LIMIT 1
  [1m[36m (0.1ms)[0m  [1mrollback transaction[0m
  Rendered users/_form.html.erb (3.1ms)
  Rendered users/new.html.erb within layouts/application (4.7ms)
Completed 200 OK in 115ms (Views: 36.0ms | ActiveRecord: 0.3ms)


Started POST "/users" for ::1 at 2016-03-08 09:59:20 +0100
Processing by UsersController#create as HTML
  Parameters: {"utf8"=>"✓", "authenticity_token"=>"bfNAlGSGVbHJZAgBZHpMRvBbo7aMOnF2s1Unb+QearsEYuG/SCBACNv8SP1ADAPwT4d9wcG/vu3cHrGSMXbGxw==", "user"=>{"name"=>"Manu", "email"=>"manu@gmail.com", "password"=>"[FILTERED]", "password_confirmation"=>"[FILTERED]"}, "commit"=>"Create User"}
  [1m[35m (0.1ms)[0m  begin transaction
  [1m[36mUser Exists (0.1ms)[0m  [1mSELECT  1 AS one FROM "users" WHERE LOWER("users"."email") = LOWER('manu@gmail.com') LIMIT 1[0m
  [1m[35mSQL (0.4ms)[0m  INSERT INTO "users" ("name", "email", "password_digest", "created_at", "updated_at") VALUES (?, ?, ?, ?, ?)  [["name", "Manu"], ["email", "manu@gmail.com"], ["password_digest", "$2a$10$2T.1dioFjBLHe8DKR2hloOPN4ZgudlpCrQLjmQDspVj2z.Li333Y2"], ["created_at", "2016-03-08 08:59:20.469414"], ["updated_at", "2016-03-08 08:59:20.469414"]]
  [1m[36m (1.5ms)[0m  [1mcommit transaction[0m
Redirected to http://localhost:3000/users/5
Completed 302 Found in 74ms (ActiveRecord: 2.1ms)


Started GET "/users/5" for ::1 at 2016-03-08 09:59:20 +0100
Processing by UsersController#show as HTML
  Parameters: {"id"=>"5"}
  [1m[35mUser Load (0.2ms)[0m  SELECT  "users".* FROM "users" WHERE "users"."id" = ? LIMIT 1  [["id", 5]]
  Rendered users/show.html.erb within layouts/application (0.9ms)
Completed 200 OK in 45ms (Views: 36.8ms | ActiveRecord: 0.2ms)
  [1m[36mUser Load (0.1ms)[0m  [1mSELECT  "users".* FROM "users"  ORDER BY "users"."id" DESC LIMIT 1[0m
  [1m[35mUser Load (2.6ms)[0m  SELECT  "users".* FROM "users"  ORDER BY "users"."id" DESC LIMIT 1


Started GET "/users" for ::1 at 2016-03-08 10:04:16 +0100
Processing by UsersController#index as HTML
  [1m[36mUser Load (0.1ms)[0m  [1mSELECT "users".* FROM "users"[0m
  Rendered users/index.html.erb within layouts/application (3.0ms)
Completed 200 OK in 43ms (Views: 41.6ms | ActiveRecord: 0.1ms)


Started GET "/users/1/edit" for ::1 at 2016-03-08 10:04:22 +0100
Processing by UsersController#edit as HTML
  Parameters: {"id"=>"1"}
  [1m[35mUser Load (0.1ms)[0m  SELECT  "users".* FROM "users" WHERE "users"."id" = ? LIMIT 1  [["id", 1]]
  Rendered users/_form.html.erb (3.4ms)
  Rendered users/edit.html.erb within layouts/application (5.8ms)
Completed 200 OK in 41ms (Views: 39.8ms | ActiveRecord: 0.1ms)


Started PATCH "/users/1" for ::1 at 2016-03-08 10:04:36 +0100
Processing by UsersController#update as HTML
  Parameters: {"utf8"=>"✓", "authenticity_token"=>"h6xUZVjnGlgGFwXMgwxvs+2werUjRTln2ej8uw+ZeEHuPfVOdEEP4RSPRTCneiAFUmykwm7A9vy2o2pG2vHUPQ==", "user"=>{"name"=>"Ian", "email"=>"ian@dischord.com", "password"=>"[FILTERED]", "password_confirmation"=>"[FILTERED]"}, "commit"=>"Update User", "id"=>"1"}
  [1m[36mUser Load (0.1ms)[0m  [1mSELECT  "users".* FROM "users" WHERE "users"."id" = ? LIMIT 1[0m  [["id", 1]]
  [1m[35m (0.1ms)[0m  begin transaction
  [1m[36mUser Exists (0.1ms)[0m  [1mSELECT  1 AS one FROM "users" WHERE (LOWER("users"."email") = LOWER('ian@dischord.com') AND "users"."id" != 1) LIMIT 1[0m
  [1m[35m (0.1ms)[0m  rollback transaction
  Rendered users/_form.html.erb (2.2ms)
  Rendered users/edit.html.erb within layouts/application (3.9ms)
Completed 200 OK in 101ms (Views: 29.4ms | ActiveRecord: 0.4ms)


Started GET "/users" for ::1 at 2016-03-08 10:05:24 +0100
Processing by UsersController#index as HTML
  [1m[36mUser Load (0.1ms)[0m  [1mSELECT "users".* FROM "users"[0m
  Rendered users/index.html.erb within layouts/application (1.9ms)
Completed 200 OK in 30ms (Views: 29.3ms | ActiveRecord: 0.1ms)


Started GET "/users/5/edit" for ::1 at 2016-03-08 10:05:28 +0100
Processing by UsersController#edit as HTML
  Parameters: {"id"=>"5"}
  [1m[35mUser Load (0.1ms)[0m  SELECT  "users".* FROM "users" WHERE "users"."id" = ? LIMIT 1  [["id", 5]]
  Rendered users/_form.html.erb (1.8ms)
  Rendered users/edit.html.erb within layouts/application (3.8ms)
Completed 200 OK in 32ms (Views: 30.2ms | ActiveRecord: 0.1ms)


Started PATCH "/users/5" for ::1 at 2016-03-08 10:05:36 +0100
Processing by UsersController#update as HTML
  Parameters: {"utf8"=>"✓", "authenticity_token"=>"Y2WRYySyxyOHip9CqRzr7IGDQMFgbctpRVtdOA10vhsK9DBICBTSmpUS376NaqRaPl+eti3oBPIqEMvF2BwSZw==", "user"=>{"name"=>"Manu", "email"=>"manu@gmail.com", "password"=>"[FILTERED]", "password_confirmation"=>"[FILTERED]"}, "commit"=>"Update User", "id"=>"5"}
  [1m[36mUser Load (0.2ms)[0m  [1mSELECT  "users".* FROM "users" WHERE "users"."id" = ? LIMIT 1[0m  [["id", 5]]
  [1m[35m (0.1ms)[0m  begin transaction
  [1m[36mUser Exists (0.1ms)[0m  [1mSELECT  1 AS one FROM "users" WHERE (LOWER("users"."email") = LOWER('manu@gmail.com') AND "users"."id" != 5) LIMIT 1[0m
  [1m[35mSQL (0.3ms)[0m  UPDATE "users" SET "password_digest" = ?, "updated_at" = ? WHERE "users"."id" = ?  [["password_digest", "$2a$10$chsBxKf9aKEOLyss.e7yF.7tBmZTnBydkt0Mcbm.Wdssl.OS1aYrS"], ["updated_at", "2016-03-08 09:05:36.689957"], ["id", 5]]
  [1m[36m (1.6ms)[0m  [1mcommit transaction[0m
Redirected to http://localhost:3000/users/5
Completed 302 Found in 73ms (ActiveRecord: 2.2ms)


Started GET "/users/5" for ::1 at 2016-03-08 10:05:36 +0100
Processing by UsersController#show as HTML
  Parameters: {"id"=>"5"}
  [1m[35mUser Load (0.1ms)[0m  SELECT  "users".* FROM "users" WHERE "users"."id" = ? LIMIT 1  [["id", 5]]
  Rendered users/show.html.erb within layouts/application (0.3ms)
Completed 200 OK in 28ms (Views: 27.0ms | ActiveRecord: 0.1ms)


Started GET "/users/5/edit" for ::1 at 2016-03-08 10:05:41 +0100
Processing by UsersController#edit as HTML
  Parameters: {"id"=>"5"}
  [1m[36mUser Load (0.1ms)[0m  [1mSELECT  "users".* FROM "users" WHERE "users"."id" = ? LIMIT 1[0m  [["id", 5]]
  Rendered users/_form.html.erb (3.4ms)
  Rendered users/edit.html.erb within layouts/application (5.7ms)
Completed 200 OK in 33ms (Views: 32.2ms | ActiveRecord: 0.1ms)


Started GET "/users" for ::1 at 2016-03-08 10:05:45 +0100
Processing by UsersController#index as HTML
  [1m[35mUser Load (0.2ms)[0m  SELECT "users".* FROM "users"
  Rendered users/index.html.erb within layouts/application (3.3ms)
Completed 200 OK in 32ms (Views: 31.3ms | ActiveRecord: 0.2ms)


Started GET "/users/new" for ::1 at 2016-03-08 10:11:32 +0100
Processing by UsersController#new as HTML
  Rendered users/_form.html.erb (1.9ms)
  Rendered users/new.html.erb within layouts/application (3.7ms)
Completed 200 OK in 47ms (Views: 46.2ms | ActiveRecord: 0.0ms)


Started POST "/users" for ::1 at 2016-03-08 10:11:59 +0100
Processing by UsersController#create as HTML
  Parameters: {"utf8"=>"✓", "authenticity_token"=>"lC5RRkTV9BS+nqE5F0/ngOlmLs9Vv+SJtp6we8D5cAf9v/BtaHPhrawG4cUzOag2VrrwuBg6KxLZ1SaGFZHcew==", "user"=>{"name"=>"Manu2", "email"=>"manu2@gmail.com", "password"=>"[FILTERED]", "password_confirmation"=>"[FILTERED]"}, "commit"=>"Create User"}
  [1m[36m (0.1ms)[0m  [1mbegin transaction[0m
  [1m[35mUser Exists (0.1ms)[0m  SELECT  1 AS one FROM "users" WHERE LOWER("users"."email") = LOWER('manu2@gmail.com') LIMIT 1
  [1m[36mSQL (0.3ms)[0m  [1mINSERT INTO "users" ("name", "email", "password_digest", "created_at", "updated_at") VALUES (?, ?, ?, ?, ?)[0m  [["name", "Manu2"], ["email", "manu2@gmail.com"], ["password_digest", "$2a$10$G7H.EqJJtIyL5xXd2pZzX.a7jpXeXAoi4ueHsuGCJtk7X2F1z6fm6"], ["created_at", "2016-03-08 09:11:59.268118"], ["updated_at", "2016-03-08 09:11:59.268118"]]
  [1m[35m (1.6ms)[0m  commit transaction
Redirected to http://localhost:3000/users/6
Completed 302 Found in 75ms (ActiveRecord: 2.0ms)


Started GET "/users/6" for ::1 at 2016-03-08 10:11:59 +0100
Processing by UsersController#show as HTML
  Parameters: {"id"=>"6"}
  [1m[36mUser Load (0.1ms)[0m  [1mSELECT  "users".* FROM "users" WHERE "users"."id" = ? LIMIT 1[0m  [["id", 6]]
  Rendered users/show.html.erb within layouts/application (0.6ms)
Completed 200 OK in 27ms (Views: 26.2ms | ActiveRecord: 0.1ms)
  [1m[36mUser Load (0.4ms)[0m  [1mSELECT  "users".* FROM "users"  ORDER BY "users"."id" DESC LIMIT 1[0m


Started GET "/users" for ::1 at 2016-03-08 10:47:31 +0100
  [1m[36mActiveRecord::SchemaMigration Load (0.1ms)[0m  [1mSELECT "schema_migrations".* FROM "schema_migrations"[0m
Processing by UsersController#index as HTML
  [1m[35mUser Load (0.2ms)[0m  SELECT "users".* FROM "users"
  Rendered users/index.html.erb within layouts/application (8.3ms)
  [1m[36mUser Load (0.1ms)[0m  [1mSELECT  "users".* FROM "users" WHERE "users"."id" IS NULL LIMIT 1[0m
Completed 200 OK in 339ms (Views: 324.4ms | ActiveRecord: 0.7ms)


Started GET "/assets/sessions.self-e3b0c44298fc1c149afbf4c8996fb92427ae41e4649b934ca495991b7852b855.css?body=1" for ::1 at 2016-03-08 10:47:32 +0100


Started GET "/assets/sessions.self-877aef30ae1b040ab8a3aba4e3e309a11d7f2612f44dde450b5c157aa5f95c05.js?body=1" for ::1 at 2016-03-08 10:47:32 +0100


Started GET "/login" for ::1 at 2016-03-08 10:47:39 +0100
Processing by SessionsController#new as HTML
  Rendered sessions/new.html.erb within layouts/application (10.9ms)
Completed 500 Internal Server Error in 16ms (ActiveRecord: 0.0ms)

ActionView::Template::Error (Missing partial sessions/_form, application/_form with {:locale=>[:en], :formats=>[:html, :xml], :variants=>[], :handlers=>[:erb, :builder, :raw, :ruby, :coffee, :jbuilder]}. Searched in:
  * "/Users/m.figand/Documents/IRONHACK/BootCamp/Week_6/Day_2/taskly_ironhack/app/views"
):
    1: 
    2: <h1>Login</h1>
    3: 
    4: <%= render 'form' %>
    5: 
    6: <%= link_to 'Signup', signup_path %>
  app/views/sessions/new.html.erb:4:in `_app_views_sessions_new_html_erb___3316538357378525842_70195456826660'


  Rendered /Users/m.figand/.rvm/gems/ruby-2.2.3/gems/actionpack-4.2.3/lib/action_dispatch/middleware/templates/rescues/_source.erb (5.0ms)
  Rendered /Users/m.figand/.rvm/gems/ruby-2.2.3/gems/actionpack-4.2.3/lib/action_dispatch/middleware/templates/rescues/_trace.html.erb (2.3ms)
  Rendered /Users/m.figand/.rvm/gems/ruby-2.2.3/gems/actionpack-4.2.3/lib/action_dispatch/middleware/templates/rescues/_request_and_response.html.erb (1.4ms)
  Rendered /Users/m.figand/.rvm/gems/ruby-2.2.3/gems/actionpack-4.2.3/lib/action_dispatch/middleware/templates/rescues/template_error.html.erb within rescues/layout (51.7ms)
  Rendered /Users/m.figand/.rvm/gems/ruby-2.2.3/gems/web-console-2.2.1/lib/web_console/templates/_markup.html.erb (0.3ms)
  Rendered /Users/m.figand/.rvm/gems/ruby-2.2.3/gems/web-console-2.2.1/lib/web_console/templates/_inner_console_markup.html.erb within layouts/inlined_string (0.3ms)
  Rendered /Users/m.figand/.rvm/gems/ruby-2.2.3/gems/web-console-2.2.1/lib/web_console/templates/_prompt_box_markup.html.erb within layouts/inlined_string (0.3ms)
  Rendered /Users/m.figand/.rvm/gems/ruby-2.2.3/gems/web-console-2.2.1/lib/web_console/templates/style.css.erb within layouts/inlined_string (0.5ms)
  Rendered /Users/m.figand/.rvm/gems/ruby-2.2.3/gems/web-console-2.2.1/lib/web_console/templates/console.js.erb within layouts/javascript (43.2ms)
  Rendered /Users/m.figand/.rvm/gems/ruby-2.2.3/gems/web-console-2.2.1/lib/web_console/templates/main.js.erb within layouts/javascript (0.5ms)
  Rendered /Users/m.figand/.rvm/gems/ruby-2.2.3/gems/web-console-2.2.1/lib/web_console/templates/error_page.js.erb within layouts/javascript (0.5ms)
  Rendered /Users/m.figand/.rvm/gems/ruby-2.2.3/gems/web-console-2.2.1/lib/web_console/templates/index.html.erb (100.9ms)


Started GET "/login" for ::1 at 2016-03-08 10:47:40 +0100
Processing by SessionsController#new as HTML
  Rendered sessions/new.html.erb within layouts/application (5.3ms)
Completed 500 Internal Server Error in 9ms (ActiveRecord: 0.0ms)

ActionView::Template::Error (Missing partial sessions/_form, application/_form with {:locale=>[:en], :formats=>[:html], :variants=>[], :handlers=>[:erb, :builder, :raw, :ruby, :coffee, :jbuilder]}. Searched in:
  * "/Users/m.figand/Documents/IRONHACK/BootCamp/Week_6/Day_2/taskly_ironhack/app/views"
):
    1: 
    2: <h1>Login</h1>
    3: 
    4: <%= render 'form' %>
    5: 
    6: <%= link_to 'Signup', signup_path %>
  app/views/sessions/new.html.erb:4:in `_app_views_sessions_new_html_erb___3316538357378525842_70195478176340'


  Rendered /Users/m.figand/.rvm/gems/ruby-2.2.3/gems/actionpack-4.2.3/lib/action_dispatch/middleware/templates/rescues/_source.erb (4.9ms)
  Rendered /Users/m.figand/.rvm/gems/ruby-2.2.3/gems/actionpack-4.2.3/lib/action_dispatch/middleware/templates/rescues/_trace.html.erb (3.0ms)
  Rendered /Users/m.figand/.rvm/gems/ruby-2.2.3/gems/actionpack-4.2.3/lib/action_dispatch/middleware/templates/rescues/_request_and_response.html.erb (0.8ms)
  Rendered /Users/m.figand/.rvm/gems/ruby-2.2.3/gems/actionpack-4.2.3/lib/action_dispatch/middleware/templates/rescues/template_error.html.erb within rescues/layout (48.7ms)
  Rendered /Users/m.figand/.rvm/gems/ruby-2.2.3/gems/web-console-2.2.1/lib/web_console/templates/_markup.html.erb (0.4ms)
  Rendered /Users/m.figand/.rvm/gems/ruby-2.2.3/gems/web-console-2.2.1/lib/web_console/templates/_inner_console_markup.html.erb within layouts/inlined_string (0.3ms)
  Rendered /Users/m.figand/.rvm/gems/ruby-2.2.3/gems/web-console-2.2.1/lib/web_console/templates/_prompt_box_markup.html.erb within layouts/inlined_string (0.3ms)
  Rendered /Users/m.figand/.rvm/gems/ruby-2.2.3/gems/web-console-2.2.1/lib/web_console/templates/style.css.erb within layouts/inlined_string (0.4ms)
  Rendered /Users/m.figand/.rvm/gems/ruby-2.2.3/gems/web-console-2.2.1/lib/web_console/templates/console.js.erb within layouts/javascript (39.4ms)
  Rendered /Users/m.figand/.rvm/gems/ruby-2.2.3/gems/web-console-2.2.1/lib/web_console/templates/main.js.erb within layouts/javascript (0.3ms)
  Rendered /Users/m.figand/.rvm/gems/ruby-2.2.3/gems/web-console-2.2.1/lib/web_console/templates/error_page.js.erb within layouts/javascript (0.8ms)
  Rendered /Users/m.figand/.rvm/gems/ruby-2.2.3/gems/web-console-2.2.1/lib/web_console/templates/index.html.erb (85.1ms)


Started GET "/singup" for ::1 at 2016-03-08 10:47:58 +0100

ActionController::RoutingError (No route matches [GET] "/singup"):
  actionpack (4.2.3) lib/action_dispatch/middleware/debug_exceptions.rb:21:in `call'
  web-console (2.2.1) lib/web_console/middleware.rb:39:in `call'
  actionpack (4.2.3) lib/action_dispatch/middleware/show_exceptions.rb:30:in `call'
  railties (4.2.3) lib/rails/rack/logger.rb:38:in `call_app'
  railties (4.2.3) lib/rails/rack/logger.rb:20:in `block in call'
  activesupport (4.2.3) lib/active_support/tagged_logging.rb:68:in `block in tagged'
  activesupport (4.2.3) lib/active_support/tagged_logging.rb:26:in `tagged'
  activesupport (4.2.3) lib/active_support/tagged_logging.rb:68:in `tagged'
  railties (4.2.3) lib/rails/rack/logger.rb:20:in `call'
  actionpack (4.2.3) lib/action_dispatch/middleware/request_id.rb:21:in `call'
  rack (1.6.4) lib/rack/methodoverride.rb:22:in `call'
  rack (1.6.4) lib/rack/runtime.rb:18:in `call'
  activesupport (4.2.3) lib/active_support/cache/strategy/local_cache_middleware.rb:28:in `call'
  rack (1.6.4) lib/rack/lock.rb:17:in `call'
  actionpack (4.2.3) lib/action_dispatch/middleware/static.rb:116:in `call'
  rack (1.6.4) lib/rack/sendfile.rb:113:in `call'
  railties (4.2.3) lib/rails/engine.rb:518:in `call'
  railties (4.2.3) lib/rails/application.rb:165:in `call'
  rack (1.6.4) lib/rack/lock.rb:17:in `call'
  rack (1.6.4) lib/rack/content_length.rb:15:in `call'
  rack (1.6.4) lib/rack/handler/webrick.rb:88:in `service'
  /Users/m.figand/.rvm/rubies/ruby-2.2.3/lib/ruby/2.2.0/webrick/httpserver.rb:138:in `service'
  /Users/m.figand/.rvm/rubies/ruby-2.2.3/lib/ruby/2.2.0/webrick/httpserver.rb:94:in `run'
  /Users/m.figand/.rvm/rubies/ruby-2.2.3/lib/ruby/2.2.0/webrick/server.rb:294:in `block in start_thread'


  Rendered /Users/m.figand/.rvm/gems/ruby-2.2.3/gems/actionpack-4.2.3/lib/action_dispatch/middleware/templates/rescues/_trace.html.erb (1.3ms)
  Rendered /Users/m.figand/.rvm/gems/ruby-2.2.3/gems/actionpack-4.2.3/lib/action_dispatch/middleware/templates/routes/_route.html.erb (1.7ms)
  Rendered /Users/m.figand/.rvm/gems/ruby-2.2.3/gems/actionpack-4.2.3/lib/action_dispatch/middleware/templates/routes/_table.html.erb (8.1ms)
  Rendered /Users/m.figand/.rvm/gems/ruby-2.2.3/gems/actionpack-4.2.3/lib/action_dispatch/middleware/templates/rescues/_request_and_response.html.erb (1.8ms)
  Rendered /Users/m.figand/.rvm/gems/ruby-2.2.3/gems/actionpack-4.2.3/lib/action_dispatch/middleware/templates/rescues/routing_error.html.erb within rescues/layout (74.4ms)
  Rendered /Users/m.figand/.rvm/gems/ruby-2.2.3/gems/web-console-2.2.1/lib/web_console/templates/_markup.html.erb (0.4ms)
  Rendered /Users/m.figand/.rvm/gems/ruby-2.2.3/gems/web-console-2.2.1/lib/web_console/templates/_inner_console_markup.html.erb within layouts/inlined_string (0.4ms)
  Rendered /Users/m.figand/.rvm/gems/ruby-2.2.3/gems/web-console-2.2.1/lib/web_console/templates/_prompt_box_markup.html.erb within layouts/inlined_string (0.6ms)
  Rendered /Users/m.figand/.rvm/gems/ruby-2.2.3/gems/web-console-2.2.1/lib/web_console/templates/style.css.erb within layouts/inlined_string (0.3ms)
  Rendered /Users/m.figand/.rvm/gems/ruby-2.2.3/gems/web-console-2.2.1/lib/web_console/templates/console.js.erb within layouts/javascript (39.7ms)
  Rendered /Users/m.figand/.rvm/gems/ruby-2.2.3/gems/web-console-2.2.1/lib/web_console/templates/main.js.erb within layouts/javascript (0.3ms)
  Rendered /Users/m.figand/.rvm/gems/ruby-2.2.3/gems/web-console-2.2.1/lib/web_console/templates/error_page.js.erb within layouts/javascript (0.8ms)
  Rendered /Users/m.figand/.rvm/gems/ruby-2.2.3/gems/web-console-2.2.1/lib/web_console/templates/index.html.erb (87.6ms)


Started GET "/" for ::1 at 2016-03-08 10:48:59 +0100
  [1m[36mActiveRecord::SchemaMigration Load (0.1ms)[0m  [1mSELECT "schema_migrations".* FROM "schema_migrations"[0m
Processing by Rails::WelcomeController#index as HTML
  Rendered /Users/m.figand/.rvm/gems/ruby-2.2.3/gems/railties-4.2.3/lib/rails/templates/rails/welcome/index.html.erb (1.6ms)
Completed 200 OK in 15ms (Views: 7.7ms | ActiveRecord: 0.0ms)


Started GET "/" for ::1 at 2016-03-08 10:48:59 +0100
Processing by Rails::WelcomeController#index as HTML
  Rendered /Users/m.figand/.rvm/gems/ruby-2.2.3/gems/railties-4.2.3/lib/rails/templates/rails/welcome/index.html.erb (0.0ms)
Completed 200 OK in 2ms (Views: 1.7ms | ActiveRecord: 0.0ms)


Started GET "/users" for ::1 at 2016-03-08 10:49:06 +0100
Processing by UsersController#index as HTML
  [1m[35mUser Load (0.2ms)[0m  SELECT "users".* FROM "users"
  Rendered users/index.html.erb within layouts/application (6.4ms)
  [1m[36mUser Load (0.2ms)[0m  [1mSELECT  "users".* FROM "users" WHERE "users"."id" IS NULL LIMIT 1[0m
Completed 200 OK in 182ms (Views: 175.8ms | ActiveRecord: 0.7ms)


Started GET "/users/6" for ::1 at 2016-03-08 10:49:11 +0100
Processing by UsersController#show as HTML
  Parameters: {"id"=>"6"}
  [1m[35mUser Load (0.2ms)[0m  SELECT  "users".* FROM "users" WHERE "users"."id" = ? LIMIT 1  [["id", 6]]
  Rendered users/show.html.erb within layouts/application (0.7ms)
  [1m[36mUser Load (0.1ms)[0m  [1mSELECT  "users".* FROM "users" WHERE "users"."id" IS NULL LIMIT 1[0m
Completed 200 OK in 39ms (Views: 33.5ms | ActiveRecord: 0.3ms)


Started GET "/users/6/edit" for ::1 at 2016-03-08 10:49:13 +0100
Processing by UsersController#edit as HTML
  Parameters: {"id"=>"6"}
  [1m[35mUser Load (0.2ms)[0m  SELECT  "users".* FROM "users" WHERE "users"."id" = ? LIMIT 1  [["id", 6]]
  Rendered users/_form.html.erb (20.7ms)
  Rendered users/edit.html.erb within layouts/application (42.9ms)
  [1m[36mUser Load (0.1ms)[0m  [1mSELECT  "users".* FROM "users" WHERE "users"."id" IS NULL LIMIT 1[0m
Completed 200 OK in 79ms (Views: 77.5ms | ActiveRecord: 0.3ms)


Started GET "/signup" for ::1 at 2016-03-08 10:49:14 +0100
Processing by UsersController#new as HTML
  Rendered users/_form.html.erb (2.0ms)
  Rendered users/new.html.erb within layouts/application (4.3ms)
  [1m[35mUser Load (0.1ms)[0m  SELECT  "users".* FROM "users" WHERE "users"."id" IS NULL LIMIT 1
Completed 200 OK in 58ms (Views: 56.8ms | ActiveRecord: 0.1ms)


Started POST "/users" for ::1 at 2016-03-08 10:49:37 +0100
Processing by UsersController#create as HTML
  Parameters: {"utf8"=>"✓", "authenticity_token"=>"6JOwDWRRH/UaRN9mjhOipbrBlorZyXGPxI9wmYeSnKyBAhEmSPcKTAjcn5qqZe0TBR1I/ZRMvhSrxOZkUvow0A==", "user"=>{"name"=>"Manu", "email"=>"manu@gmail.com", "password"=>"[FILTERED]", "password_confirmation"=>"[FILTERED]"}, "commit"=>"Create User"}
  [1m[36m (0.1ms)[0m  [1mbegin transaction[0m
  [1m[35mUser Exists (0.1ms)[0m  SELECT  1 AS one FROM "users" WHERE LOWER("users"."email") = LOWER('manu@gmail.com') LIMIT 1
  [1m[36m (0.1ms)[0m  [1mrollback transaction[0m
  Rendered users/_form.html.erb (4.4ms)
  Rendered users/new.html.erb within layouts/application (6.8ms)
  [1m[35mUser Load (0.1ms)[0m  SELECT  "users".* FROM "users" WHERE "users"."id" IS NULL LIMIT 1
Completed 200 OK in 136ms (Views: 53.0ms | ActiveRecord: 0.4ms)


Started GET "/login" for ::1 at 2016-03-08 10:49:43 +0100
Processing by SessionsController#new as HTML
  Rendered sessions/new.html.erb within layouts/application (8.5ms)
Completed 500 Internal Server Error in 14ms (ActiveRecord: 0.0ms)

ActionView::Template::Error (Missing partial sessions/_form, application/_form with {:locale=>[:en], :formats=>[:html], :variants=>[], :handlers=>[:erb, :builder, :raw, :ruby, :coffee, :jbuilder]}. Searched in:
  * "/Users/m.figand/Documents/IRONHACK/BootCamp/Week_6/Day_2/taskly_ironhack/app/views"
):
    1: 
    2: <h1>Login</h1>
    3: 
    4: <%= render 'form' %>
    5: 
    6: <%= link_to 'Signup', signup_path %>
  app/views/sessions/new.html.erb:4:in `_app_views_sessions_new_html_erb__3267931763486379395_70216802258200'


  Rendered /Users/m.figand/.rvm/gems/ruby-2.2.3/gems/actionpack-4.2.3/lib/action_dispatch/middleware/templates/rescues/_source.erb (5.0ms)
  Rendered /Users/m.figand/.rvm/gems/ruby-2.2.3/gems/actionpack-4.2.3/lib/action_dispatch/middleware/templates/rescues/_trace.html.erb (2.3ms)
  Rendered /Users/m.figand/.rvm/gems/ruby-2.2.3/gems/actionpack-4.2.3/lib/action_dispatch/middleware/templates/rescues/_request_and_response.html.erb (0.9ms)
  Rendered /Users/m.figand/.rvm/gems/ruby-2.2.3/gems/actionpack-4.2.3/lib/action_dispatch/middleware/templates/rescues/template_error.html.erb within rescues/layout (49.9ms)
  Rendered /Users/m.figand/.rvm/gems/ruby-2.2.3/gems/web-console-2.2.1/lib/web_console/templates/_markup.html.erb (0.3ms)
  Rendered /Users/m.figand/.rvm/gems/ruby-2.2.3/gems/web-console-2.2.1/lib/web_console/templates/_inner_console_markup.html.erb within layouts/inlined_string (0.3ms)
  Rendered /Users/m.figand/.rvm/gems/ruby-2.2.3/gems/web-console-2.2.1/lib/web_console/templates/_prompt_box_markup.html.erb within layouts/inlined_string (0.3ms)
  Rendered /Users/m.figand/.rvm/gems/ruby-2.2.3/gems/web-console-2.2.1/lib/web_console/templates/style.css.erb within layouts/inlined_string (0.3ms)
  Rendered /Users/m.figand/.rvm/gems/ruby-2.2.3/gems/web-console-2.2.1/lib/web_console/templates/console.js.erb within layouts/javascript (38.0ms)
  Rendered /Users/m.figand/.rvm/gems/ruby-2.2.3/gems/web-console-2.2.1/lib/web_console/templates/main.js.erb within layouts/javascript (0.2ms)
  Rendered /Users/m.figand/.rvm/gems/ruby-2.2.3/gems/web-console-2.2.1/lib/web_console/templates/error_page.js.erb within layouts/javascript (0.4ms)
  Rendered /Users/m.figand/.rvm/gems/ruby-2.2.3/gems/web-console-2.2.1/lib/web_console/templates/index.html.erb (84.3ms)


Started GET "/login" for ::1 at 2016-03-08 10:50:07 +0100
Processing by SessionsController#new as HTML
  Rendered sessions/new.html.erb within layouts/application (6.5ms)
Completed 500 Internal Server Error in 11ms (ActiveRecord: 0.0ms)

ActionView::Template::Error (Missing partial sessions/_form, application/_form with {:locale=>[:en], :formats=>[:html, :xml], :variants=>[], :handlers=>[:erb, :builder, :raw, :ruby, :coffee, :jbuilder]}. Searched in:
  * "/Users/m.figand/Documents/IRONHACK/BootCamp/Week_6/Day_2/taskly_ironhack/app/views"
):
    1: 
    2: <h1>Login</h1>
    3: 
    4: <%= render 'form' %>
    5: 
    6: <%= link_to 'Signup', signup_path %>
  app/views/sessions/new.html.erb:4:in `_app_views_sessions_new_html_erb__3267931763486379395_70216779112560'


  Rendered /Users/m.figand/.rvm/gems/ruby-2.2.3/gems/actionpack-4.2.3/lib/action_dispatch/middleware/templates/rescues/_source.erb (5.6ms)
  Rendered /Users/m.figand/.rvm/gems/ruby-2.2.3/gems/actionpack-4.2.3/lib/action_dispatch/middleware/templates/rescues/_trace.html.erb (2.4ms)
  Rendered /Users/m.figand/.rvm/gems/ruby-2.2.3/gems/actionpack-4.2.3/lib/action_dispatch/middleware/templates/rescues/_request_and_response.html.erb (0.8ms)
  Rendered /Users/m.figand/.rvm/gems/ruby-2.2.3/gems/actionpack-4.2.3/lib/action_dispatch/middleware/templates/rescues/template_error.html.erb within rescues/layout (44.5ms)
  Rendered /Users/m.figand/.rvm/gems/ruby-2.2.3/gems/web-console-2.2.1/lib/web_console/templates/_markup.html.erb (0.3ms)
  Rendered /Users/m.figand/.rvm/gems/ruby-2.2.3/gems/web-console-2.2.1/lib/web_console/templates/_inner_console_markup.html.erb within layouts/inlined_string (0.4ms)
  Rendered /Users/m.figand/.rvm/gems/ruby-2.2.3/gems/web-console-2.2.1/lib/web_console/templates/_prompt_box_markup.html.erb within layouts/inlined_string (0.4ms)
  Rendered /Users/m.figand/.rvm/gems/ruby-2.2.3/gems/web-console-2.2.1/lib/web_console/templates/style.css.erb within layouts/inlined_string (0.3ms)
  Rendered /Users/m.figand/.rvm/gems/ruby-2.2.3/gems/web-console-2.2.1/lib/web_console/templates/console.js.erb within layouts/javascript (36.3ms)
  Rendered /Users/m.figand/.rvm/gems/ruby-2.2.3/gems/web-console-2.2.1/lib/web_console/templates/main.js.erb within layouts/javascript (0.2ms)
  Rendered /Users/m.figand/.rvm/gems/ruby-2.2.3/gems/web-console-2.2.1/lib/web_console/templates/error_page.js.erb within layouts/javascript (0.3ms)
  Rendered /Users/m.figand/.rvm/gems/ruby-2.2.3/gems/web-console-2.2.1/lib/web_console/templates/index.html.erb (83.7ms)


Started GET "/login" for ::1 at 2016-03-08 10:50:08 +0100
Processing by SessionsController#new as HTML
  Rendered sessions/new.html.erb within layouts/application (4.2ms)
Completed 500 Internal Server Error in 9ms (ActiveRecord: 0.0ms)

ActionView::Template::Error (Missing partial sessions/_form, application/_form with {:locale=>[:en], :formats=>[:html], :variants=>[], :handlers=>[:erb, :builder, :raw, :ruby, :coffee, :jbuilder]}. Searched in:
  * "/Users/m.figand/Documents/IRONHACK/BootCamp/Week_6/Day_2/taskly_ironhack/app/views"
):
    1: 
    2: <h1>Login</h1>
    3: 
    4: <%= render 'form' %>
    5: 
    6: <%= link_to 'Signup', signup_path %>
  app/views/sessions/new.html.erb:4:in `_app_views_sessions_new_html_erb__3267931763486379395_70216802258200'


  Rendered /Users/m.figand/.rvm/gems/ruby-2.2.3/gems/actionpack-4.2.3/lib/action_dispatch/middleware/templates/rescues/_source.erb (5.3ms)
  Rendered /Users/m.figand/.rvm/gems/ruby-2.2.3/gems/actionpack-4.2.3/lib/action_dispatch/middleware/templates/rescues/_trace.html.erb (2.4ms)
  Rendered /Users/m.figand/.rvm/gems/ruby-2.2.3/gems/actionpack-4.2.3/lib/action_dispatch/middleware/templates/rescues/_request_and_response.html.erb (0.9ms)
  Rendered /Users/m.figand/.rvm/gems/ruby-2.2.3/gems/actionpack-4.2.3/lib/action_dispatch/middleware/templates/rescues/template_error.html.erb within rescues/layout (46.8ms)
  Rendered /Users/m.figand/.rvm/gems/ruby-2.2.3/gems/web-console-2.2.1/lib/web_console/templates/_markup.html.erb (0.3ms)
  Rendered /Users/m.figand/.rvm/gems/ruby-2.2.3/gems/web-console-2.2.1/lib/web_console/templates/_inner_console_markup.html.erb within layouts/inlined_string (0.3ms)
  Rendered /Users/m.figand/.rvm/gems/ruby-2.2.3/gems/web-console-2.2.1/lib/web_console/templates/_prompt_box_markup.html.erb within layouts/inlined_string (0.2ms)
  Rendered /Users/m.figand/.rvm/gems/ruby-2.2.3/gems/web-console-2.2.1/lib/web_console/templates/style.css.erb within layouts/inlined_string (0.4ms)
  Rendered /Users/m.figand/.rvm/gems/ruby-2.2.3/gems/web-console-2.2.1/lib/web_console/templates/console.js.erb within layouts/javascript (36.6ms)
  Rendered /Users/m.figand/.rvm/gems/ruby-2.2.3/gems/web-console-2.2.1/lib/web_console/templates/main.js.erb within layouts/javascript (0.3ms)
  Rendered /Users/m.figand/.rvm/gems/ruby-2.2.3/gems/web-console-2.2.1/lib/web_console/templates/error_page.js.erb within layouts/javascript (0.8ms)
  Rendered /Users/m.figand/.rvm/gems/ruby-2.2.3/gems/web-console-2.2.1/lib/web_console/templates/index.html.erb (83.2ms)


Started GET "/login" for ::1 at 2016-03-08 10:54:10 +0100
Processing by SessionsController#new as HTML
  Rendered sessions/new.html.erb within layouts/application (4.4ms)
Completed 500 Internal Server Error in 8ms (ActiveRecord: 0.0ms)

ActionView::Template::Error (Missing partial sessions/_form, application/_form with {:locale=>[:en], :formats=>[:html], :variants=>[], :handlers=>[:erb, :builder, :raw, :ruby, :coffee, :jbuilder]}. Searched in:
  * "/Users/m.figand/Documents/IRONHACK/BootCamp/Week_6/Day_2/taskly_ironhack/app/views"
):
    1: <h1>Login</h1>
    2: 
    3: <%= render 'form' %>
    4: 
    5: <%= link_to 'Signup', signup_path %>
  app/views/sessions/new.html.erb:3:in `_app_views_sessions_new_html_erb__3267931763486379395_70216779226700'


  Rendered /Users/m.figand/.rvm/gems/ruby-2.2.3/gems/actionpack-4.2.3/lib/action_dispatch/middleware/templates/rescues/_source.erb (4.9ms)
  Rendered /Users/m.figand/.rvm/gems/ruby-2.2.3/gems/actionpack-4.2.3/lib/action_dispatch/middleware/templates/rescues/_trace.html.erb (2.2ms)
  Rendered /Users/m.figand/.rvm/gems/ruby-2.2.3/gems/actionpack-4.2.3/lib/action_dispatch/middleware/templates/rescues/_request_and_response.html.erb (1.0ms)
  Rendered /Users/m.figand/.rvm/gems/ruby-2.2.3/gems/actionpack-4.2.3/lib/action_dispatch/middleware/templates/rescues/template_error.html.erb within rescues/layout (45.1ms)
  Rendered /Users/m.figand/.rvm/gems/ruby-2.2.3/gems/web-console-2.2.1/lib/web_console/templates/_markup.html.erb (0.4ms)
  Rendered /Users/m.figand/.rvm/gems/ruby-2.2.3/gems/web-console-2.2.1/lib/web_console/templates/_inner_console_markup.html.erb within layouts/inlined_string (0.3ms)
  Rendered /Users/m.figand/.rvm/gems/ruby-2.2.3/gems/web-console-2.2.1/lib/web_console/templates/_prompt_box_markup.html.erb within layouts/inlined_string (0.3ms)
  Rendered /Users/m.figand/.rvm/gems/ruby-2.2.3/gems/web-console-2.2.1/lib/web_console/templates/style.css.erb within layouts/inlined_string (0.3ms)
  Rendered /Users/m.figand/.rvm/gems/ruby-2.2.3/gems/web-console-2.2.1/lib/web_console/templates/console.js.erb within layouts/javascript (37.2ms)
  Rendered /Users/m.figand/.rvm/gems/ruby-2.2.3/gems/web-console-2.2.1/lib/web_console/templates/main.js.erb within layouts/javascript (0.3ms)
  Rendered /Users/m.figand/.rvm/gems/ruby-2.2.3/gems/web-console-2.2.1/lib/web_console/templates/error_page.js.erb within layouts/javascript (0.3ms)
  Rendered /Users/m.figand/.rvm/gems/ruby-2.2.3/gems/web-console-2.2.1/lib/web_console/templates/index.html.erb (80.7ms)


Started GET "/login" for ::1 at 2016-03-08 10:56:19 +0100
Processing by SessionsController#new as HTML
  Rendered sessions/_form.html.erb (1.5ms)
  Rendered sessions/new.html.erb within layouts/application (3.5ms)
  [1m[36mUser Load (0.3ms)[0m  [1mSELECT  "users".* FROM "users" WHERE "users"."id" IS NULL LIMIT 1[0m
Completed 200 OK in 41ms (Views: 39.0ms | ActiveRecord: 0.3ms)


Started GET "/assets/sessions.self-e3b0c44298fc1c149afbf4c8996fb92427ae41e4649b934ca495991b7852b855.css?body=1" for ::1 at 2016-03-08 10:56:19 +0100


Started GET "/assets/api/v1/tasks.self-e3b0c44298fc1c149afbf4c8996fb92427ae41e4649b934ca495991b7852b855.css?body=1" for ::1 at 2016-03-08 10:56:19 +0100


Started GET "/assets/application.self-2a186542d9ae5b372f983963638ad5986631bab276d15dae39f7ad935a58ebd0.css?body=1" for ::1 at 2016-03-08 10:56:19 +0100


Started GET "/assets/users.self-e3b0c44298fc1c149afbf4c8996fb92427ae41e4649b934ca495991b7852b855.css?body=1" for ::1 at 2016-03-08 10:56:19 +0100


Started GET "/assets/jquery_ujs.self-ca5248a2fad13d6bd58ea121318d642f195f0b2dd818b30615f785ff365e8d1f.js?body=1" for ::1 at 2016-03-08 10:56:19 +0100


Started GET "/assets/jquery.self-d03a5518f45df77341bdbe6201ba3bfa547ebba8ed64f0ea56bfa5f96ea7c074.js?body=1" for ::1 at 2016-03-08 10:56:19 +0100


Started GET "/assets/turbolinks.self-c37727e9bd6b2735da5c311aa83fead54ed0be6cc8bd9a65309e9c5abe2cbfff.js?body=1" for ::1 at 2016-03-08 10:56:19 +0100


Started GET "/assets/api/v1/tasks.self-877aef30ae1b040ab8a3aba4e3e309a11d7f2612f44dde450b5c157aa5f95c05.js?body=1" for ::1 at 2016-03-08 10:56:19 +0100


Started GET "/assets/sessions.self-877aef30ae1b040ab8a3aba4e3e309a11d7f2612f44dde450b5c157aa5f95c05.js?body=1" for ::1 at 2016-03-08 10:56:19 +0100


Started GET "/assets/users.self-877aef30ae1b040ab8a3aba4e3e309a11d7f2612f44dde450b5c157aa5f95c05.js?body=1" for ::1 at 2016-03-08 10:56:19 +0100


Started GET "/assets/application.self-3b8dabdc891efe46b9a144b400ad69e37d7e5876bdc39dee783419a69d7ca819.js?body=1" for ::1 at 2016-03-08 10:56:19 +0100


Started POST "/login" for ::1 at 2016-03-08 11:08:32 +0100
Processing by SessionsController#create as HTML
  Parameters: {"utf8"=>"✓", "authenticity_token"=>"PwxTxiohbFs2yaC0968s2eyJu5gS91VSnjEbNUUJZlVWnfLtBod54iRR4EjT2WNvU1Vl719ymsnxeo3IkGHKKQ==", "session"=>{"email"=>"manu@gmail.com", "password"=>"[FILTERED]"}, "commit"=>"Login"}
  [1m[35mUser Load (0.1ms)[0m  SELECT  "users".* FROM "users" WHERE "users"."email" = ? LIMIT 1  [["email", "manu@gmail.com"]]
Redirected to http://localhost:3000/users/5
Completed 302 Found in 77ms (ActiveRecord: 0.6ms)


Started GET "/users/5" for ::1 at 2016-03-08 11:08:33 +0100
Processing by UsersController#show as HTML
  Parameters: {"id"=>"5"}
  [1m[36mUser Load (0.2ms)[0m  [1mSELECT  "users".* FROM "users" WHERE "users"."id" = ? LIMIT 1[0m  [["id", 5]]
  Rendered users/show.html.erb within layouts/application (0.7ms)
  [1m[35mUser Load (0.1ms)[0m  SELECT  "users".* FROM "users" WHERE "users"."id" = ? LIMIT 1  [["id", 5]]
Completed 200 OK in 39ms (Views: 37.9ms | ActiveRecord: 0.3ms)


Started GET "/users" for ::1 at 2016-03-08 11:08:53 +0100
Processing by UsersController#index as HTML
  [1m[36mUser Load (0.1ms)[0m  [1mSELECT "users".* FROM "users"[0m
  Rendered users/index.html.erb within layouts/application (2.9ms)
  [1m[35mUser Load (0.1ms)[0m  SELECT  "users".* FROM "users" WHERE "users"."id" = ? LIMIT 1  [["id", 5]]
Completed 200 OK in 34ms (Views: 33.7ms | ActiveRecord: 0.2ms)


Started GET "/tasks" for ::1 at 2016-03-08 11:08:57 +0100
Processing by TasksController#index as HTML
  [1m[36mUser Load (0.1ms)[0m  [1mSELECT  "users".* FROM "users" WHERE "users"."id" = ? LIMIT 1[0m  [["id", 5]]
  [1m[35mTask Load (0.1ms)[0m  SELECT "tasks".* FROM "tasks" WHERE "tasks"."user_id" = ?  [["user_id", 5]]
  Rendered tasks/index.html.erb within layouts/application (2.1ms)
Completed 200 OK in 51ms (Views: 34.6ms | ActiveRecord: 0.4ms)


Started GET "/tasks/new" for ::1 at 2016-03-08 11:09:01 +0100
Processing by TasksController#new as HTML
  Rendered tasks/_form.html.erb (8.8ms)
  Rendered tasks/new.html.erb within layouts/application (12.2ms)
  [1m[36mUser Load (0.1ms)[0m  [1mSELECT  "users".* FROM "users" WHERE "users"."id" = ? LIMIT 1[0m  [["id", 5]]
Completed 200 OK in 50ms (Views: 45.7ms | ActiveRecord: 0.2ms)


Started POST "/tasks" for ::1 at 2016-03-08 11:09:21 +0100
Processing by TasksController#create as HTML
  Parameters: {"utf8"=>"✓", "authenticity_token"=>"Q26ZnXCPuherBl3g+CPVsZs8OR6bmzdF0pPj2Td2HDQq/zi2XCmvrrmeHRzcVZoHJODnadYe+N692HUk4h6wSA==", "task"=>{"name"=>"Tarea 1", "due_date(1i)"=>"2016", "due_date(2i)"=>"3", "due_date(3i)"=>"8", "due_date(4i)"=>"10", "due_date(5i)"=>"09", "completed"=>"1", "user_id"=>"2"}, "commit"=>"Create Task"}
  [1m[35m (0.1ms)[0m  begin transaction
  [1m[36mSQL (0.4ms)[0m  [1mINSERT INTO "tasks" ("name", "completed", "user_id", "due_date", "created_at", "updated_at") VALUES (?, ?, ?, ?, ?, ?)[0m  [["name", "Tarea 1"], ["completed", "t"], ["user_id", 2], ["due_date", "2016-03-08 10:09:00.000000"], ["created_at", "2016-03-08 10:09:21.770072"], ["updated_at", "2016-03-08 10:09:21.770072"]]
  [1m[35m (0.8ms)[0m  commit transaction
Redirected to http://localhost:3000/tasks/9
Completed 302 Found in 5ms (ActiveRecord: 1.2ms)


Started GET "/tasks/9" for ::1 at 2016-03-08 11:09:21 +0100
Processing by TasksController#show as HTML
  Parameters: {"id"=>"9"}
  [1m[36mTask Load (0.2ms)[0m  [1mSELECT  "tasks".* FROM "tasks" WHERE "tasks"."id" = ? LIMIT 1[0m  [["id", 9]]
  Rendered tasks/show.html.erb within layouts/application (1.0ms)
  [1m[35mUser Load (0.1ms)[0m  SELECT  "users".* FROM "users" WHERE "users"."id" = ? LIMIT 1  [["id", 5]]
Completed 200 OK in 33ms (Views: 31.7ms | ActiveRecord: 0.3ms)
  [1m[36m (1.4ms)[0m  [1mCREATE TABLE "tasks" ("id" INTEGER PRIMARY KEY AUTOINCREMENT NOT NULL, "name" varchar, "due_date" datetime, "completed" boolean DEFAULT 'f', "user_id" integer, "created_at" datetime NOT NULL, "updated_at" datetime NOT NULL) [0m
  [1m[35m (2.5ms)[0m  CREATE TABLE "users" ("id" INTEGER PRIMARY KEY AUTOINCREMENT NOT NULL, "name" varchar, "email" varchar, "created_at" datetime NOT NULL, "updated_at" datetime NOT NULL, "password_digest" varchar) 
  [1m[36m (0.1ms)[0m  [1mselect sqlite_version(*)[0m
  [1m[35m (0.8ms)[0m  CREATE  INDEX "index_users_on_email" ON "users" ("email")
  [1m[36m (0.9ms)[0m  [1mCREATE TABLE "schema_migrations" ("version" varchar NOT NULL) [0m
  [1m[35m (0.8ms)[0m  CREATE UNIQUE INDEX "unique_schema_migrations" ON "schema_migrations" ("version")
  [1m[36m (0.2ms)[0m  [1mSELECT version FROM "schema_migrations"[0m
  [1m[35m (1.7ms)[0m  INSERT INTO "schema_migrations" (version) VALUES ('20160308084347')
  [1m[36m (1.7ms)[0m  [1mINSERT INTO "schema_migrations" (version) VALUES ('20150809190834')[0m
  [1m[35m (0.9ms)[0m  INSERT INTO "schema_migrations" (version) VALUES ('20150809211032')
  [1m[36m (1.0ms)[0m  [1mCREATE TABLE "tasks" ("id" INTEGER PRIMARY KEY AUTOINCREMENT NOT NULL, "name" varchar, "due_date" datetime, "completed" boolean DEFAULT 'f', "user_id" integer, "created_at" datetime NOT NULL, "updated_at" datetime NOT NULL) [0m
  [1m[35m (2.0ms)[0m  CREATE TABLE "users" ("id" INTEGER PRIMARY KEY AUTOINCREMENT NOT NULL, "name" varchar, "email" varchar, "created_at" datetime NOT NULL, "updated_at" datetime NOT NULL, "password_digest" varchar) 
  [1m[36m (0.1ms)[0m  [1mselect sqlite_version(*)[0m
  [1m[35m (1.4ms)[0m  CREATE  INDEX "index_users_on_email" ON "users" ("email")
  [1m[36m (1.1ms)[0m  [1mCREATE TABLE "schema_migrations" ("version" varchar NOT NULL) [0m
  [1m[35m (0.9ms)[0m  CREATE UNIQUE INDEX "unique_schema_migrations" ON "schema_migrations" ("version")
  [1m[36m (0.2ms)[0m  [1mSELECT version FROM "schema_migrations"[0m
  [1m[35m (0.9ms)[0m  INSERT INTO "schema_migrations" (version) VALUES ('20160308084347')
  [1m[36m (0.9ms)[0m  [1mINSERT INTO "schema_migrations" (version) VALUES ('20150809190834')[0m
  [1m[35m (0.7ms)[0m  INSERT INTO "schema_migrations" (version) VALUES ('20150809211032')
  [1m[36mActiveRecord::SchemaMigration Load (0.1ms)[0m  [1mSELECT "schema_migrations".* FROM "schema_migrations"[0m
  [1m[35m (0.1ms)[0m  begin transaction
  [1m[36mUser Exists (0.1ms)[0m  [1mSELECT  1 AS one FROM "users" WHERE LOWER("users"."email") = LOWER('ian@dischord.com') LIMIT 1[0m
  [1m[35mSQL (0.3ms)[0m  INSERT INTO "users" ("name", "email", "password_digest", "created_at", "updated_at") VALUES (?, ?, ?, ?, ?)  [["name", "Ian"], ["email", "ian@dischord.com"], ["password_digest", "$2a$10$5rduiDtpIHnMoaHkmWpHl..QrTMugbV1RmIeeQFsjOzLbcm9iMWnO"], ["created_at", "2016-03-08 10:11:19.387906"], ["updated_at", "2016-03-08 10:11:19.387906"]]
  [1m[36m (0.6ms)[0m  [1mcommit transaction[0m
  [1m[35m (0.1ms)[0m  begin transaction
  [1m[36mUser Exists (0.1ms)[0m  [1mSELECT  1 AS one FROM "users" WHERE LOWER("users"."email") = LOWER('hank@sst.com') LIMIT 1[0m
  [1m[35mSQL (0.2ms)[0m  INSERT INTO "users" ("name", "email", "password_digest", "created_at", "updated_at") VALUES (?, ?, ?, ?, ?)  [["name", "Henry"], ["email", "hank@sst.com"], ["password_digest", "$2a$10$VndlGABqz15Jx062PDj4qeakWysn965CkZJQruicQ80yFrXIW0TOi"], ["created_at", "2016-03-08 10:11:19.456130"], ["updated_at", "2016-03-08 10:11:19.456130"]]
  [1m[36m (1.5ms)[0m  [1mcommit transaction[0m
  [1m[35m (0.1ms)[0m  begin transaction
  [1m[36mUser Exists (0.2ms)[0m  [1mSELECT  1 AS one FROM "users" WHERE LOWER("users"."email") = LOWER('danzig@plan9.com') LIMIT 1[0m
  [1m[35mSQL (0.2ms)[0m  INSERT INTO "users" ("name", "email", "password_digest", "created_at", "updated_at") VALUES (?, ?, ?, ?, ?)  [["name", "Glenn"], ["email", "danzig@plan9.com"], ["password_digest", "$2a$10$lh/umkNgX/xjymiPCNvu..1JRW92x.9JfsEO07vKEfIvPPykjl1se"], ["created_at", "2016-03-08 10:11:19.526540"], ["updated_at", "2016-03-08 10:11:19.526540"]]
  [1m[36m (1.5ms)[0m  [1mcommit transaction[0m
  [1m[35m (0.1ms)[0m  begin transaction
  [1m[36mUser Exists (0.2ms)[0m  [1mSELECT  1 AS one FROM "users" WHERE LOWER("users"."email") = LOWER('paul@reachoutinternational.com') LIMIT 1[0m
  [1m[35mSQL (0.3ms)[0m  INSERT INTO "users" ("name", "email", "password_digest", "created_at", "updated_at") VALUES (?, ?, ?, ?, ?)  [["name", "H.R."], ["email", "paul@reachoutinternational.com"], ["password_digest", "$2a$10$ml99P2tdpO713GblAb/AIu62c4hxK9nPfIIlrtLygBzYvp76ENxWG"], ["created_at", "2016-03-08 10:11:19.593890"], ["updated_at", "2016-03-08 10:11:19.593890"]]
  [1m[36m (1.5ms)[0m  [1mcommit transaction[0m
  [1m[35m (0.1ms)[0m  begin transaction
  [1m[36mSQL (0.5ms)[0m  [1mINSERT INTO "tasks" ("name", "due_date", "user_id", "created_at", "updated_at") VALUES (?, ?, ?, ?, ?)[0m  [["name", "Task 1 for Ian"], ["due_date", "2016-03-08 10:11:19.600226"], ["user_id", 1], ["created_at", "2016-03-08 10:11:19.604855"], ["updated_at", "2016-03-08 10:11:19.604855"]]
  [1m[35m (0.7ms)[0m  commit transaction
  [1m[36m (0.1ms)[0m  [1mbegin transaction[0m
  [1m[35mSQL (0.3ms)[0m  INSERT INTO "tasks" ("name", "due_date", "user_id", "created_at", "updated_at") VALUES (?, ?, ?, ?, ?)  [["name", "Task 2 for Ian"], ["due_date", "2016-03-08 10:11:19.600245"], ["user_id", 1], ["created_at", "2016-03-08 10:11:19.608182"], ["updated_at", "2016-03-08 10:11:19.608182"]]
  [1m[36m (0.6ms)[0m  [1mcommit transaction[0m
  [1m[35m (0.1ms)[0m  begin transaction
  [1m[36mSQL (0.3ms)[0m  [1mINSERT INTO "tasks" ("name", "due_date", "user_id", "created_at", "updated_at") VALUES (?, ?, ?, ?, ?)[0m  [["name", "Task 1 for Henry"], ["due_date", "2016-03-08 10:11:19.600248"], ["user_id", 2], ["created_at", "2016-03-08 10:11:19.610990"], ["updated_at", "2016-03-08 10:11:19.610990"]]
  [1m[35m (0.6ms)[0m  commit transaction
  [1m[36m (0.1ms)[0m  [1mbegin transaction[0m
  [1m[35mSQL (0.3ms)[0m  INSERT INTO "tasks" ("name", "due_date", "user_id", "created_at", "updated_at") VALUES (?, ?, ?, ?, ?)  [["name", "Task 2 for Henry"], ["due_date", "2016-03-08 10:11:19.600259"], ["user_id", 2], ["created_at", "2016-03-08 10:11:19.613686"], ["updated_at", "2016-03-08 10:11:19.613686"]]
  [1m[36m (0.7ms)[0m  [1mcommit transaction[0m
  [1m[35m (0.1ms)[0m  begin transaction
  [1m[36mSQL (0.3ms)[0m  [1mINSERT INTO "tasks" ("name", "due_date", "user_id", "created_at", "updated_at") VALUES (?, ?, ?, ?, ?)[0m  [["name", "Task 1 for Glenn"], ["due_date", "2016-03-08 10:11:19.600261"], ["user_id", 3], ["created_at", "2016-03-08 10:11:19.616954"], ["updated_at", "2016-03-08 10:11:19.616954"]]
  [1m[35m (0.6ms)[0m  commit transaction
  [1m[36m (0.1ms)[0m  [1mbegin transaction[0m
  [1m[35mSQL (0.2ms)[0m  INSERT INTO "tasks" ("name", "due_date", "user_id", "created_at", "updated_at") VALUES (?, ?, ?, ?, ?)  [["name", "Task 2 for Glenn"], ["due_date", "2016-03-08 10:11:19.600265"], ["user_id", 3], ["created_at", "2016-03-08 10:11:19.619719"], ["updated_at", "2016-03-08 10:11:19.619719"]]
  [1m[36m (0.6ms)[0m  [1mcommit transaction[0m
  [1m[35m (0.1ms)[0m  begin transaction
  [1m[36mSQL (1.0ms)[0m  [1mINSERT INTO "tasks" ("name", "due_date", "user_id", "created_at", "updated_at") VALUES (?, ?, ?, ?, ?)[0m  [["name", "Task 1 for H.R."], ["due_date", "2016-03-08 10:11:19.600292"], ["user_id", 4], ["created_at", "2016-03-08 10:11:19.622692"], ["updated_at", "2016-03-08 10:11:19.622692"]]
  [1m[35m (0.8ms)[0m  commit transaction
  [1m[36m (0.1ms)[0m  [1mbegin transaction[0m
  [1m[35mSQL (1.0ms)[0m  INSERT INTO "tasks" ("name", "due_date", "user_id", "created_at", "updated_at") VALUES (?, ?, ?, ?, ?)  [["name", "Task 2 for H.R"], ["due_date", "2016-03-08 10:11:19.600306"], ["user_id", 4], ["created_at", "2016-03-08 10:11:19.627848"], ["updated_at", "2016-03-08 10:11:19.627848"]]
  [1m[36m (1.9ms)[0m  [1mcommit transaction[0m


Started GET "/login" for ::1 at 2016-03-08 11:11:38 +0100
Processing by SessionsController#new as HTML
  Rendered sessions/_form.html.erb (0.8ms)
  Rendered sessions/new.html.erb within layouts/application (2.0ms)
  [1m[36mUser Load (0.1ms)[0m  [1mSELECT  "users".* FROM "users" WHERE "users"."id" = ? LIMIT 1[0m  [["id", 5]]
Completed 200 OK in 46ms (Views: 45.1ms | ActiveRecord: 0.1ms)


Started POST "/login" for ::1 at 2016-03-08 11:11:55 +0100
Processing by SessionsController#create as HTML
  Parameters: {"utf8"=>"✓", "authenticity_token"=>"yNPqkPS5rcLv8oTHTjylsG7PmBufneVOtl3g1z4zFwqhQku72B+4e/1qxDtqSuoG0RNGbNIYKtXZFnYq61u7dg==", "session"=>{"email"=>"ian@dischord.com'", "password"=>"[FILTERED]"}, "commit"=>"Login"}
  [1m[35mUser Load (0.1ms)[0m  SELECT  "users".* FROM "users" WHERE "users"."email" = ? LIMIT 1  [["email", "ian@dischord.com'"]]
Redirected to http://localhost:3000/login
Completed 302 Found in 1ms (ActiveRecord: 0.1ms)


Started GET "/login" for ::1 at 2016-03-08 11:11:55 +0100
Processing by SessionsController#new as HTML
  Rendered sessions/_form.html.erb (0.7ms)
  Rendered sessions/new.html.erb within layouts/application (2.4ms)
  [1m[36mUser Load (0.1ms)[0m  [1mSELECT  "users".* FROM "users" WHERE "users"."id" = ? LIMIT 1[0m  [["id", 5]]
Completed 200 OK in 35ms (Views: 34.3ms | ActiveRecord: 0.1ms)


Started POST "/login" for ::1 at 2016-03-08 11:12:01 +0100
Processing by SessionsController#create as HTML
  Parameters: {"utf8"=>"✓", "authenticity_token"=>"d4ICEhvpsyBHAK5CAtk9dyqCfktIaCwgXZ0TT/CxmZ4eE6M5N0+mmVWY7r4mr3LBlV6gPAXt47sy1oWyJdk14g==", "session"=>{"email"=>"", "password"=>"[FILTERED]"}, "commit"=>"Login"}
  [1m[35mUser Load (0.1ms)[0m  SELECT  "users".* FROM "users" WHERE "users"."email" = ? LIMIT 1  [["email", ""]]
Redirected to http://localhost:3000/login
Completed 302 Found in 1ms (ActiveRecord: 0.1ms)


Started GET "/login" for ::1 at 2016-03-08 11:12:01 +0100
Processing by SessionsController#new as HTML
  Rendered sessions/_form.html.erb (0.8ms)
  Rendered sessions/new.html.erb within layouts/application (2.1ms)
  [1m[36mUser Load (0.1ms)[0m  [1mSELECT  "users".* FROM "users" WHERE "users"."id" = ? LIMIT 1[0m  [["id", 5]]
Completed 200 OK in 34ms (Views: 33.7ms | ActiveRecord: 0.1ms)


Started POST "/login" for ::1 at 2016-03-08 11:12:02 +0100
Processing by SessionsController#create as HTML
  Parameters: {"utf8"=>"✓", "authenticity_token"=>"QKUObk8wgv/hKFIhk6Ek/9k8xRX7u3xVbJtB6du6cbIpNK9FY5aXRvOwEt2312tJZuAbYrY+s84D0NcUDtLdzg==", "session"=>{"email"=>"", "password"=>"[FILTERED]"}, "commit"=>"Login"}
  [1m[35mUser Load (0.1ms)[0m  SELECT  "users".* FROM "users" WHERE "users"."email" = ? LIMIT 1  [["email", ""]]
Redirected to http://localhost:3000/login
Completed 302 Found in 1ms (ActiveRecord: 0.1ms)


Started GET "/login" for ::1 at 2016-03-08 11:12:02 +0100
Processing by SessionsController#new as HTML
  Rendered sessions/_form.html.erb (0.8ms)
  Rendered sessions/new.html.erb within layouts/application (2.1ms)
  [1m[36mUser Load (0.1ms)[0m  [1mSELECT  "users".* FROM "users" WHERE "users"."id" = ? LIMIT 1[0m  [["id", 5]]
Completed 200 OK in 36ms (Views: 35.2ms | ActiveRecord: 0.1ms)


Started POST "/login" for ::1 at 2016-03-08 11:12:02 +0100
Processing by SessionsController#create as HTML
  Parameters: {"utf8"=>"✓", "authenticity_token"=>"R5G90rvjDKFtb38qI+eLXAMRYymMfnbSJqbDX6V9TBYuABz5l0UZGH/3P9YHkcTqvM29XsH7uUlJ7VWicBXgag==", "session"=>{"email"=>"", "password"=>"[FILTERED]"}, "commit"=>"Login"}
  [1m[35mUser Load (0.1ms)[0m  SELECT  "users".* FROM "users" WHERE "users"."email" = ? LIMIT 1  [["email", ""]]
Redirected to http://localhost:3000/login
Completed 302 Found in 1ms (ActiveRecord: 0.1ms)


Started GET "/login" for ::1 at 2016-03-08 11:12:02 +0100
Processing by SessionsController#new as HTML
  Rendered sessions/_form.html.erb (0.7ms)
  Rendered sessions/new.html.erb within layouts/application (2.5ms)
  [1m[36mUser Load (0.1ms)[0m  [1mSELECT  "users".* FROM "users" WHERE "users"."id" = ? LIMIT 1[0m  [["id", 5]]
Completed 200 OK in 38ms (Views: 37.5ms | ActiveRecord: 0.1ms)


Started DELETE "/logout" for ::1 at 2016-03-08 11:12:05 +0100
Processing by SessionsController#destroy as HTML
  Parameters: {"authenticity_token"=>"OvyqzHUVCgvHoQ7k5kR99oChstxwwZkrzmzEZpGtS91TbQvnWbMfstU5ThjCMjJAP31sqz1EVrChJ1KbRMXnoQ=="}
Redirected to http://localhost:3000/login
Completed 302 Found in 1ms (ActiveRecord: 0.0ms)


Started GET "/login" for ::1 at 2016-03-08 11:12:05 +0100
Processing by SessionsController#new as HTML
  Rendered sessions/_form.html.erb (0.7ms)
  Rendered sessions/new.html.erb within layouts/application (1.8ms)
  [1m[35mUser Load (0.1ms)[0m  SELECT  "users".* FROM "users" WHERE "users"."id" IS NULL LIMIT 1
Completed 200 OK in 35ms (Views: 34.2ms | ActiveRecord: 0.1ms)


Started GET "/signup" for ::1 at 2016-03-08 11:12:06 +0100
Processing by UsersController#new as HTML
  Rendered users/_form.html.erb (2.1ms)
  Rendered users/new.html.erb within layouts/application (3.9ms)
  [1m[36mUser Load (0.1ms)[0m  [1mSELECT  "users".* FROM "users" WHERE "users"."id" IS NULL LIMIT 1[0m
Completed 200 OK in 44ms (Views: 42.8ms | ActiveRecord: 0.1ms)


Started GET "/login" for ::1 at 2016-03-08 11:12:09 +0100
Processing by SessionsController#new as HTML
  Rendered sessions/_form.html.erb (1.3ms)
  Rendered sessions/new.html.erb within layouts/application (3.6ms)
  [1m[35mUser Load (0.1ms)[0m  SELECT  "users".* FROM "users" WHERE "users"."id" IS NULL LIMIT 1
Completed 200 OK in 40ms (Views: 39.2ms | ActiveRecord: 0.1ms)


Started POST "/login" for ::1 at 2016-03-08 11:12:21 +0100
Processing by SessionsController#create as HTML
  Parameters: {"utf8"=>"✓", "authenticity_token"=>"K+xYbordOkyPTyWW/AHFE/o+f7rNITG6R4hTPlx9Adpg7Qiye0MWr46T7tibBz6dIC1hjpNC9AhHodY2irp2pg==", "session"=>{"email"=>"ian@dischord.com", "password"=>"[FILTERED]"}, "commit"=>"Login"}
  [1m[36mUser Load (0.1ms)[0m  [1mSELECT  "users".* FROM "users" WHERE "users"."email" = ? LIMIT 1[0m  [["email", "ian@dischord.com"]]
Completed 500 Internal Server Error in 1ms (ActiveRecord: 0.1ms)

BCrypt::Errors::InvalidHash (invalid hash):
  app/controllers/sessions_controller.rb:9:in `create'


  Rendered /Users/m.figand/.rvm/gems/ruby-2.2.3/gems/actionpack-4.2.3/lib/action_dispatch/middleware/templates/rescues/_source.erb (3.7ms)
  Rendered /Users/m.figand/.rvm/gems/ruby-2.2.3/gems/actionpack-4.2.3/lib/action_dispatch/middleware/templates/rescues/_trace.html.erb (1.9ms)
  Rendered /Users/m.figand/.rvm/gems/ruby-2.2.3/gems/actionpack-4.2.3/lib/action_dispatch/middleware/templates/rescues/_request_and_response.html.erb (0.9ms)
  Rendered /Users/m.figand/.rvm/gems/ruby-2.2.3/gems/actionpack-4.2.3/lib/action_dispatch/middleware/templates/rescues/diagnostics.html.erb within rescues/layout (45.7ms)
  Rendered /Users/m.figand/.rvm/gems/ruby-2.2.3/gems/web-console-2.2.1/lib/web_console/templates/_markup.html.erb (0.4ms)
  Rendered /Users/m.figand/.rvm/gems/ruby-2.2.3/gems/web-console-2.2.1/lib/web_console/templates/_inner_console_markup.html.erb within layouts/inlined_string (0.3ms)
  Rendered /Users/m.figand/.rvm/gems/ruby-2.2.3/gems/web-console-2.2.1/lib/web_console/templates/_prompt_box_markup.html.erb within layouts/inlined_string (0.3ms)
  Rendered /Users/m.figand/.rvm/gems/ruby-2.2.3/gems/web-console-2.2.1/lib/web_console/templates/style.css.erb within layouts/inlined_string (0.4ms)
  Rendered /Users/m.figand/.rvm/gems/ruby-2.2.3/gems/web-console-2.2.1/lib/web_console/templates/console.js.erb within layouts/javascript (40.2ms)
  Rendered /Users/m.figand/.rvm/gems/ruby-2.2.3/gems/web-console-2.2.1/lib/web_console/templates/main.js.erb within layouts/javascript (0.4ms)
  Rendered /Users/m.figand/.rvm/gems/ruby-2.2.3/gems/web-console-2.2.1/lib/web_console/templates/error_page.js.erb within layouts/javascript (0.4ms)
  Rendered /Users/m.figand/.rvm/gems/ruby-2.2.3/gems/web-console-2.2.1/lib/web_console/templates/index.html.erb (90.6ms)


Started GET "/login" for ::1 at 2016-03-08 11:12:48 +0100
  [1m[36mActiveRecord::SchemaMigration Load (0.1ms)[0m  [1mSELECT "schema_migrations".* FROM "schema_migrations"[0m
Processing by SessionsController#new as HTML
  Rendered sessions/_form.html.erb (12.5ms)
  Rendered sessions/new.html.erb within layouts/application (17.6ms)
  [1m[35mUser Load (0.1ms)[0m  SELECT  "users".* FROM "users" WHERE "users"."id" IS NULL LIMIT 1
Completed 200 OK in 200ms (Views: 192.3ms | ActiveRecord: 0.2ms)


Started GET "/assets/api/v1/tasks.self-e3b0c44298fc1c149afbf4c8996fb92427ae41e4649b934ca495991b7852b855.css?body=1" for ::1 at 2016-03-08 11:12:48 +0100


Started GET "/assets/sessions.self-e3b0c44298fc1c149afbf4c8996fb92427ae41e4649b934ca495991b7852b855.css?body=1" for ::1 at 2016-03-08 11:12:48 +0100


Started GET "/assets/application.self-2a186542d9ae5b372f983963638ad5986631bab276d15dae39f7ad935a58ebd0.css?body=1" for ::1 at 2016-03-08 11:12:48 +0100


Started GET "/assets/jquery.self-d03a5518f45df77341bdbe6201ba3bfa547ebba8ed64f0ea56bfa5f96ea7c074.js?body=1" for ::1 at 2016-03-08 11:12:48 +0100


Started GET "/assets/users.self-e3b0c44298fc1c149afbf4c8996fb92427ae41e4649b934ca495991b7852b855.css?body=1" for ::1 at 2016-03-08 11:12:48 +0100


Started GET "/assets/jquery_ujs.self-ca5248a2fad13d6bd58ea121318d642f195f0b2dd818b30615f785ff365e8d1f.js?body=1" for ::1 at 2016-03-08 11:12:48 +0100


Started GET "/assets/turbolinks.self-c37727e9bd6b2735da5c311aa83fead54ed0be6cc8bd9a65309e9c5abe2cbfff.js?body=1" for ::1 at 2016-03-08 11:12:48 +0100


Started GET "/assets/api/v1/tasks.self-877aef30ae1b040ab8a3aba4e3e309a11d7f2612f44dde450b5c157aa5f95c05.js?body=1" for ::1 at 2016-03-08 11:12:48 +0100


Started GET "/assets/sessions.self-877aef30ae1b040ab8a3aba4e3e309a11d7f2612f44dde450b5c157aa5f95c05.js?body=1" for ::1 at 2016-03-08 11:12:48 +0100


Started GET "/assets/users.self-877aef30ae1b040ab8a3aba4e3e309a11d7f2612f44dde450b5c157aa5f95c05.js?body=1" for ::1 at 2016-03-08 11:12:48 +0100


Started GET "/assets/application.self-3b8dabdc891efe46b9a144b400ad69e37d7e5876bdc39dee783419a69d7ca819.js?body=1" for ::1 at 2016-03-08 11:12:48 +0100


Started POST "/login" for ::1 at 2016-03-08 11:12:56 +0100
Processing by SessionsController#create as HTML
  Parameters: {"utf8"=>"✓", "authenticity_token"=>"Ak3CjdkgYlYt8tGy4zd2ylEWUUn6OBff0g9xPXENZFNJTJJRKL5OtSwuGvyEMY1EiwVPfaRb0m3SJvQ1p8oTLw==", "session"=>{"email"=>"ian@dischord.com", "password"=>"[FILTERED]"}, "commit"=>"Login"}
  [1m[36mUser Load (0.2ms)[0m  [1mSELECT  "users".* FROM "users" WHERE "users"."email" = ? LIMIT 1[0m  [["email", "ian@dischord.com"]]
Redirected to http://localhost:3000/users/1
Completed 302 Found in 75ms (ActiveRecord: 0.3ms)


Started GET "/users/1" for ::1 at 2016-03-08 11:12:56 +0100
Processing by UsersController#show as HTML
  Parameters: {"id"=>"1"}
  [1m[35mUser Load (0.1ms)[0m  SELECT  "users".* FROM "users" WHERE "users"."id" = ? LIMIT 1  [["id", 1]]
  Rendered users/show.html.erb within layouts/application (0.8ms)
  [1m[36mUser Load (0.1ms)[0m  [1mSELECT  "users".* FROM "users" WHERE "users"."id" = ? LIMIT 1[0m  [["id", 1]]
Completed 200 OK in 50ms (Views: 49.0ms | ActiveRecord: 0.2ms)


Started GET "/users" for ::1 at 2016-03-08 11:13:05 +0100
Processing by UsersController#index as HTML
  [1m[35mUser Load (0.2ms)[0m  SELECT "users".* FROM "users"
  Rendered users/index.html.erb within layouts/application (3.7ms)
  [1m[36mUser Load (0.1ms)[0m  [1mSELECT  "users".* FROM "users" WHERE "users"."id" = ? LIMIT 1[0m  [["id", 1]]
Completed 200 OK in 65ms (Views: 63.5ms | ActiveRecord: 0.3ms)


Started GET "/tasks" for ::1 at 2016-03-08 11:13:08 +0100
Processing by TasksController#index as HTML
  [1m[35mUser Load (0.1ms)[0m  SELECT  "users".* FROM "users" WHERE "users"."id" = ? LIMIT 1  [["id", 1]]
  [1m[36mTask Load (0.2ms)[0m  [1mSELECT "tasks".* FROM "tasks" WHERE "tasks"."user_id" = ?[0m  [["user_id", 1]]
  Rendered tasks/index.html.erb within layouts/application (15.4ms)
Completed 200 OK in 68ms (Views: 48.4ms | ActiveRecord: 0.8ms)


Started DELETE "/logout" for ::1 at 2016-03-08 11:14:30 +0100
Processing by SessionsController#destroy as HTML
  Parameters: {"authenticity_token"=>"A+pyDGsBMWBvnuCsahuCppCW6g9vaue/b0ck2ZrUShhI6yLQmp8dg25CK+INHXkoSoX0OzEJIg1vbqHRTBM9ZA=="}
Redirected to http://localhost:3000/login
Completed 302 Found in 1ms (ActiveRecord: 0.0ms)


Started GET "/login" for ::1 at 2016-03-08 11:14:30 +0100
Processing by SessionsController#new as HTML
  Rendered sessions/_form.html.erb (0.7ms)
  Rendered sessions/new.html.erb within layouts/application (1.9ms)
  [1m[35mUser Load (0.1ms)[0m  SELECT  "users".* FROM "users" WHERE "users"."id" IS NULL LIMIT 1
Completed 200 OK in 32ms (Views: 31.3ms | ActiveRecord: 0.1ms)


Started POST "/login" for ::1 at 2016-03-08 11:14:45 +0100
Processing by SessionsController#create as HTML
  Parameters: {"utf8"=>"✓", "authenticity_token"=>"dDjK+JesQQyDHJ7+AIzhWMDv9ZsWYWKp6dWefP629jKezZt2neIIhTEoMnKf9y+GfO/C/x1aT+TTm6q4BayuYQ==", "session"=>{"email"=>"hank@sst.com", "password"=>"[FILTERED]"}, "commit"=>"Login"}
  [1m[36mUser Load (0.1ms)[0m  [1mSELECT  "users".* FROM "users" WHERE "users"."email" = ? LIMIT 1[0m  [["email", "hank@sst.com"]]
Redirected to http://localhost:3000/users/2
Completed 302 Found in 66ms (ActiveRecord: 0.1ms)


Started GET "/users/2" for ::1 at 2016-03-08 11:14:45 +0100
Processing by UsersController#show as HTML
  Parameters: {"id"=>"2"}
  [1m[35mUser Load (0.1ms)[0m  SELECT  "users".* FROM "users" WHERE "users"."id" = ? LIMIT 1  [["id", 2]]
  Rendered users/show.html.erb within layouts/application (0.3ms)
  [1m[36mUser Load (0.1ms)[0m  [1mSELECT  "users".* FROM "users" WHERE "users"."id" = ? LIMIT 1[0m  [["id", 2]]
Completed 200 OK in 30ms (Views: 28.6ms | ActiveRecord: 0.2ms)


Started GET "/users" for ::1 at 2016-03-08 11:14:50 +0100
Processing by UsersController#index as HTML
  [1m[35mUser Load (0.1ms)[0m  SELECT "users".* FROM "users"
  Rendered users/index.html.erb within layouts/application (3.8ms)
  [1m[36mUser Load (0.4ms)[0m  [1mSELECT  "users".* FROM "users" WHERE "users"."id" = ? LIMIT 1[0m  [["id", 2]]
Completed 200 OK in 42ms (Views: 41.3ms | ActiveRecord: 0.5ms)


Started GET "/tasks" for ::1 at 2016-03-08 11:14:54 +0100
Processing by TasksController#index as HTML
  [1m[35mUser Load (0.1ms)[0m  SELECT  "users".* FROM "users" WHERE "users"."id" = ? LIMIT 1  [["id", 2]]
  [1m[36mTask Load (0.1ms)[0m  [1mSELECT "tasks".* FROM "tasks" WHERE "tasks"."user_id" = ?[0m  [["user_id", 2]]
  Rendered tasks/index.html.erb within layouts/application (2.6ms)
Completed 200 OK in 36ms (Views: 35.2ms | ActiveRecord: 0.2ms)


Started GET "/tasks/3" for ::1 at 2016-03-08 11:14:56 +0100
Processing by TasksController#show as HTML
  Parameters: {"id"=>"3"}
  [1m[35mTask Load (0.2ms)[0m  SELECT  "tasks".* FROM "tasks" WHERE "tasks"."id" = ? LIMIT 1  [["id", 3]]
  Rendered tasks/show.html.erb within layouts/application (1.0ms)
  [1m[36mUser Load (0.1ms)[0m  [1mSELECT  "users".* FROM "users" WHERE "users"."id" = ? LIMIT 1[0m  [["id", 2]]
Completed 200 OK in 37ms (Views: 35.3ms | ActiveRecord: 0.2ms)


Started DELETE "/logout" for ::1 at 2016-03-08 11:15:27 +0100
Processing by SessionsController#destroy as HTML
  Parameters: {"authenticity_token"=>"VJnx+x0i48UxO6sP6ZYM+DAqJH4LVC/w/vz4FKHD+mm+bKB1F2yqTIMPB4N27cImjCoTGgBvAr3EsszQWtmiOg=="}
Redirected to http://localhost:3000/login
Completed 302 Found in 1ms (ActiveRecord: 0.0ms)


Started GET "/login" for ::1 at 2016-03-08 11:15:27 +0100
Processing by SessionsController#new as HTML
  Rendered sessions/_form.html.erb (0.8ms)
  Rendered sessions/new.html.erb within layouts/application (2.0ms)
  [1m[35mUser Load (0.1ms)[0m  SELECT  "users".* FROM "users" WHERE "users"."id" IS NULL LIMIT 1
Completed 200 OK in 43ms (Views: 42.1ms | ActiveRecord: 0.1ms)


Started GET "/tasks" for ::1 at 2016-03-08 11:15:32 +0100
Processing by TasksController#index as HTML
  [1m[36mUser Load (0.1ms)[0m  [1mSELECT  "users".* FROM "users" WHERE "users"."id" IS NULL LIMIT 1[0m
Completed 500 Internal Server Error in 2ms (ActiveRecord: 0.1ms)

NoMethodError (undefined method `tasks' for nil:NilClass):
  app/controllers/tasks_controller.rb:5:in `index'


  Rendered /Users/m.figand/.rvm/gems/ruby-2.2.3/gems/actionpack-4.2.3/lib/action_dispatch/middleware/templates/rescues/_source.erb (3.5ms)
  Rendered /Users/m.figand/.rvm/gems/ruby-2.2.3/gems/actionpack-4.2.3/lib/action_dispatch/middleware/templates/rescues/_trace.html.erb (1.7ms)
  Rendered /Users/m.figand/.rvm/gems/ruby-2.2.3/gems/actionpack-4.2.3/lib/action_dispatch/middleware/templates/rescues/_request_and_response.html.erb (0.7ms)
  Rendered /Users/m.figand/.rvm/gems/ruby-2.2.3/gems/actionpack-4.2.3/lib/action_dispatch/middleware/templates/rescues/diagnostics.html.erb within rescues/layout (41.2ms)
  Rendered /Users/m.figand/.rvm/gems/ruby-2.2.3/gems/web-console-2.2.1/lib/web_console/templates/_markup.html.erb (0.3ms)
  Rendered /Users/m.figand/.rvm/gems/ruby-2.2.3/gems/web-console-2.2.1/lib/web_console/templates/_inner_console_markup.html.erb within layouts/inlined_string (0.4ms)
  Rendered /Users/m.figand/.rvm/gems/ruby-2.2.3/gems/web-console-2.2.1/lib/web_console/templates/_prompt_box_markup.html.erb within layouts/inlined_string (0.3ms)
  Rendered /Users/m.figand/.rvm/gems/ruby-2.2.3/gems/web-console-2.2.1/lib/web_console/templates/style.css.erb within layouts/inlined_string (0.3ms)
  Rendered /Users/m.figand/.rvm/gems/ruby-2.2.3/gems/web-console-2.2.1/lib/web_console/templates/console.js.erb within layouts/javascript (34.5ms)
  Rendered /Users/m.figand/.rvm/gems/ruby-2.2.3/gems/web-console-2.2.1/lib/web_console/templates/main.js.erb within layouts/javascript (0.3ms)
  Rendered /Users/m.figand/.rvm/gems/ruby-2.2.3/gems/web-console-2.2.1/lib/web_console/templates/error_page.js.erb within layouts/javascript (0.4ms)
  Rendered /Users/m.figand/.rvm/gems/ruby-2.2.3/gems/web-console-2.2.1/lib/web_console/templates/index.html.erb (79.7ms)


Started GET "/tasks" for ::1 at 2016-03-08 11:20:58 +0100
Processing by TasksController#index as HTML
  [1m[35mUser Load (0.2ms)[0m  SELECT  "users".* FROM "users" WHERE "users"."id" IS NULL LIMIT 1
Redirected to http://localhost:3000/login
Filter chain halted as :is_logged_in? rendered or redirected
Completed 302 Found in 6ms (ActiveRecord: 0.3ms)


Started GET "/login" for ::1 at 2016-03-08 11:20:58 +0100
Processing by SessionsController#new as HTML
  Rendered sessions/_form.html.erb (1.0ms)
  Rendered sessions/new.html.erb within layouts/application (2.5ms)
  [1m[36mUser Load (0.1ms)[0m  [1mSELECT  "users".* FROM "users" WHERE "users"."id" IS NULL LIMIT 1[0m
Completed 200 OK in 32ms (Views: 31.8ms | ActiveRecord: 0.1ms)


Started GET "/assets/sessions.self-e3b0c44298fc1c149afbf4c8996fb92427ae41e4649b934ca495991b7852b855.css?body=1" for ::1 at 2016-03-08 11:20:58 +0100


Started GET "/assets/api/v1/tasks.self-e3b0c44298fc1c149afbf4c8996fb92427ae41e4649b934ca495991b7852b855.css?body=1" for ::1 at 2016-03-08 11:20:58 +0100


Started GET "/assets/users.self-e3b0c44298fc1c149afbf4c8996fb92427ae41e4649b934ca495991b7852b855.css?body=1" for ::1 at 2016-03-08 11:20:58 +0100


Started GET "/assets/application.self-2a186542d9ae5b372f983963638ad5986631bab276d15dae39f7ad935a58ebd0.css?body=1" for ::1 at 2016-03-08 11:20:58 +0100


Started GET "/assets/jquery_ujs.self-ca5248a2fad13d6bd58ea121318d642f195f0b2dd818b30615f785ff365e8d1f.js?body=1" for ::1 at 2016-03-08 11:20:58 +0100


Started GET "/assets/jquery.self-d03a5518f45df77341bdbe6201ba3bfa547ebba8ed64f0ea56bfa5f96ea7c074.js?body=1" for ::1 at 2016-03-08 11:20:58 +0100


Started GET "/assets/turbolinks.self-c37727e9bd6b2735da5c311aa83fead54ed0be6cc8bd9a65309e9c5abe2cbfff.js?body=1" for ::1 at 2016-03-08 11:20:58 +0100


Started GET "/assets/api/v1/tasks.self-877aef30ae1b040ab8a3aba4e3e309a11d7f2612f44dde450b5c157aa5f95c05.js?body=1" for ::1 at 2016-03-08 11:20:58 +0100


Started GET "/assets/sessions.self-877aef30ae1b040ab8a3aba4e3e309a11d7f2612f44dde450b5c157aa5f95c05.js?body=1" for ::1 at 2016-03-08 11:20:58 +0100


Started GET "/assets/users.self-877aef30ae1b040ab8a3aba4e3e309a11d7f2612f44dde450b5c157aa5f95c05.js?body=1" for ::1 at 2016-03-08 11:20:58 +0100


Started GET "/assets/application.self-3b8dabdc891efe46b9a144b400ad69e37d7e5876bdc39dee783419a69d7ca819.js?body=1" for ::1 at 2016-03-08 11:20:58 +0100


Started GET "/login" for ::1 at 2016-03-08 11:23:10 +0100
Processing by SessionsController#new as HTML
  Rendered sessions/_form.html.erb (0.6ms)
  Rendered sessions/new.html.erb within layouts/application (2.1ms)
  [1m[35mUser Load (0.3ms)[0m  SELECT  "users".* FROM "users" WHERE "users"."id" IS NULL LIMIT 1
Completed 200 OK in 46ms (Views: 44.7ms | ActiveRecord: 0.3ms)


Started GET "/assets/api/v1/tasks.self-e3b0c44298fc1c149afbf4c8996fb92427ae41e4649b934ca495991b7852b855.css?body=1" for ::1 at 2016-03-08 11:23:10 +0100


Started GET "/assets/jquery.self-d03a5518f45df77341bdbe6201ba3bfa547ebba8ed64f0ea56bfa5f96ea7c074.js?body=1" for ::1 at 2016-03-08 11:23:10 +0100


Started GET "/assets/sessions.self-e3b0c44298fc1c149afbf4c8996fb92427ae41e4649b934ca495991b7852b855.css?body=1" for ::1 at 2016-03-08 11:23:10 +0100


Started GET "/assets/application.self-2a186542d9ae5b372f983963638ad5986631bab276d15dae39f7ad935a58ebd0.css?body=1" for ::1 at 2016-03-08 11:23:10 +0100


Started GET "/assets/jquery_ujs.self-ca5248a2fad13d6bd58ea121318d642f195f0b2dd818b30615f785ff365e8d1f.js?body=1" for ::1 at 2016-03-08 11:23:10 +0100


Started GET "/assets/users.self-e3b0c44298fc1c149afbf4c8996fb92427ae41e4649b934ca495991b7852b855.css?body=1" for ::1 at 2016-03-08 11:23:10 +0100


Started GET "/assets/turbolinks.self-c37727e9bd6b2735da5c311aa83fead54ed0be6cc8bd9a65309e9c5abe2cbfff.js?body=1" for ::1 at 2016-03-08 11:23:10 +0100


Started GET "/assets/api/v1/tasks.self-877aef30ae1b040ab8a3aba4e3e309a11d7f2612f44dde450b5c157aa5f95c05.js?body=1" for ::1 at 2016-03-08 11:23:10 +0100


Started GET "/assets/sessions.self-877aef30ae1b040ab8a3aba4e3e309a11d7f2612f44dde450b5c157aa5f95c05.js?body=1" for ::1 at 2016-03-08 11:23:10 +0100


Started GET "/assets/users.self-877aef30ae1b040ab8a3aba4e3e309a11d7f2612f44dde450b5c157aa5f95c05.js?body=1" for ::1 at 2016-03-08 11:23:10 +0100


Started GET "/assets/application.self-3b8dabdc891efe46b9a144b400ad69e37d7e5876bdc39dee783419a69d7ca819.js?body=1" for ::1 at 2016-03-08 11:23:10 +0100


Started GET "/login" for ::1 at 2016-03-08 11:29:16 +0100
Processing by SessionsController#new as HTML
  Rendered sessions/_form.html.erb (0.8ms)
  Rendered sessions/new.html.erb within layouts/application (2.0ms)
  [1m[36mUser Load (0.3ms)[0m  [1mSELECT  "users".* FROM "users" WHERE "users"."id" IS NULL LIMIT 1[0m
Completed 200 OK in 39ms (Views: 38.3ms | ActiveRecord: 0.4ms)


Started GET "/assets/api/v1/tasks.self-e3b0c44298fc1c149afbf4c8996fb92427ae41e4649b934ca495991b7852b855.css?body=1" for ::1 at 2016-03-08 11:29:16 +0100


Started GET "/assets/sessions.self-e3b0c44298fc1c149afbf4c8996fb92427ae41e4649b934ca495991b7852b855.css?body=1" for ::1 at 2016-03-08 11:29:16 +0100


Started GET "/assets/users.self-e3b0c44298fc1c149afbf4c8996fb92427ae41e4649b934ca495991b7852b855.css?body=1" for ::1 at 2016-03-08 11:29:16 +0100


Started GET "/assets/jquery.self-d03a5518f45df77341bdbe6201ba3bfa547ebba8ed64f0ea56bfa5f96ea7c074.js?body=1" for ::1 at 2016-03-08 11:29:16 +0100


Started GET "/assets/application.self-2a186542d9ae5b372f983963638ad5986631bab276d15dae39f7ad935a58ebd0.css?body=1" for ::1 at 2016-03-08 11:29:16 +0100


Started GET "/assets/jquery_ujs.self-ca5248a2fad13d6bd58ea121318d642f195f0b2dd818b30615f785ff365e8d1f.js?body=1" for ::1 at 2016-03-08 11:29:16 +0100


Started GET "/assets/turbolinks.self-c37727e9bd6b2735da5c311aa83fead54ed0be6cc8bd9a65309e9c5abe2cbfff.js?body=1" for ::1 at 2016-03-08 11:29:16 +0100


Started GET "/assets/api/v1/tasks.self-877aef30ae1b040ab8a3aba4e3e309a11d7f2612f44dde450b5c157aa5f95c05.js?body=1" for ::1 at 2016-03-08 11:29:16 +0100


Started GET "/assets/sessions.self-877aef30ae1b040ab8a3aba4e3e309a11d7f2612f44dde450b5c157aa5f95c05.js?body=1" for ::1 at 2016-03-08 11:29:16 +0100


Started GET "/assets/users.self-877aef30ae1b040ab8a3aba4e3e309a11d7f2612f44dde450b5c157aa5f95c05.js?body=1" for ::1 at 2016-03-08 11:29:16 +0100


Started GET "/assets/application.self-3b8dabdc891efe46b9a144b400ad69e37d7e5876bdc39dee783419a69d7ca819.js?body=1" for ::1 at 2016-03-08 11:29:16 +0100


Started GET "/login" for ::1 at 2016-03-08 11:29:19 +0100
Processing by SessionsController#new as HTML
  Rendered sessions/_form.html.erb (1.2ms)
  Rendered sessions/new.html.erb within layouts/application (3.8ms)
  [1m[35mUser Load (0.1ms)[0m  SELECT  "users".* FROM "users" WHERE "users"."id" IS NULL LIMIT 1
Completed 200 OK in 34ms (Views: 33.6ms | ActiveRecord: 0.1ms)


Started GET "/login" for ::1 at 2016-03-08 11:29:20 +0100
Processing by SessionsController#new as HTML
  Rendered sessions/_form.html.erb (0.7ms)
  Rendered sessions/new.html.erb within layouts/application (2.6ms)
  [1m[36mUser Load (0.1ms)[0m  [1mSELECT  "users".* FROM "users" WHERE "users"."id" IS NULL LIMIT 1[0m
Completed 200 OK in 33ms (Views: 32.1ms | ActiveRecord: 0.1ms)


Started POST "/login" for ::1 at 2016-03-08 11:29:29 +0100
Processing by SessionsController#create as HTML
  Parameters: {"utf8"=>"✓", "authenticity_token"=>"ZHda7KEwULLLyDGoc2WZpSSylKdzuYMU112TsQ369zvz3GCPABj4knxsP6zGNsKnOYcbi3jYvyiNz+tO0vrQzA==", "session"=>{"email"=>"manu@gmail.com", "password"=>"[FILTERED]"}, "commit"=>"Login"}
  [1m[35mUser Load (0.2ms)[0m  SELECT  "users".* FROM "users" WHERE "users"."email" = ? LIMIT 1  [["email", "manu@gmail.com"]]
Redirected to http://localhost:3000/login
Completed 302 Found in 2ms (ActiveRecord: 0.2ms)


Started GET "/login" for ::1 at 2016-03-08 11:29:29 +0100
Processing by SessionsController#new as HTML
  Rendered sessions/_form.html.erb (0.9ms)
  Rendered sessions/new.html.erb within layouts/application (2.4ms)
  [1m[36mUser Load (0.1ms)[0m  [1mSELECT  "users".* FROM "users" WHERE "users"."id" IS NULL LIMIT 1[0m
Completed 200 OK in 40ms (Views: 39.2ms | ActiveRecord: 0.1ms)


Started POST "/login" for ::1 at 2016-03-08 11:29:48 +0100
Processing by SessionsController#create as HTML
  Parameters: {"utf8"=>"✓", "authenticity_token"=>"bP8gx/dDcBCiBeFzci0fPyGyEfkNKVpiSh10KHLntQP7VBqkVmvYMBWh73fHfkQ9PIee1QZIZl4QjwzXreeS9A==", "session"=>{"email"=>"ian@dischord.com", "password"=>"[FILTERED]"}, "commit"=>"Login"}
  [1m[35mUser Load (0.2ms)[0m  SELECT  "users".* FROM "users" WHERE "users"."email" = ? LIMIT 1  [["email", "ian@dischord.com"]]
Redirected to http://localhost:3000/users/1
Completed 302 Found in 71ms (ActiveRecord: 0.5ms)


Started GET "/users/1" for ::1 at 2016-03-08 11:29:48 +0100
Processing by UsersController#show as HTML
  Parameters: {"id"=>"1"}
  [1m[36mUser Load (0.1ms)[0m  [1mSELECT  "users".* FROM "users" WHERE "users"."id" = ? LIMIT 1[0m  [["id", 1]]
  [1m[35mUser Load (0.1ms)[0m  SELECT  "users".* FROM "users" WHERE "users"."id" = ? LIMIT 1  [["id", 1]]
  Rendered users/show.html.erb within layouts/application (0.4ms)
Completed 200 OK in 33ms (Views: 30.6ms | ActiveRecord: 0.2ms)


Started GET "/users/1/edit" for ::1 at 2016-03-08 11:29:57 +0100
Processing by UsersController#edit as HTML
  Parameters: {"id"=>"1"}
  [1m[36mUser Load (0.3ms)[0m  [1mSELECT  "users".* FROM "users" WHERE "users"."id" = ? LIMIT 1[0m  [["id", 1]]
  [1m[35mUser Load (0.1ms)[0m  SELECT  "users".* FROM "users" WHERE "users"."id" = ? LIMIT 1  [["id", 1]]
  Rendered users/_form.html.erb (4.7ms)
  Rendered users/edit.html.erb within layouts/application (7.4ms)
Completed 200 OK in 43ms (Views: 40.0ms | ActiveRecord: 0.4ms)
